<?xml version="1.0" encoding="UTF-8" ?>
<testsuite errors="0" failures="0" hostname="Leonardos-MacBook-Pro.local" name="test.beast.integration.ExampleJSONParsingTest" skipped="0" tests="2" time="1.226" timestamp="2019-06-11T12:13:27">
  <properties>
[...]
</properties>
  <testcase classname="test.beast.integration.ExampleJSONParsingTest" name="test_ThatJSONExamplesRun" time="1.059" />
  <testcase classname="test.beast.integration.ExampleJSONParsingTest" name="test_ThatXmlExamplesParse" time="0.117" />
  <system-out><![CDATA[Test that JSON Examples run in /Users/lr411/Documents/workspace/LeoBEAST2_local/beast2/examples
Processing testUCLNclock.json
Carp: 705 4
Chicken: 705 4
Cow: 705 4
Frog: 705 4
Human: 705 4
Loach: 705 4
Mouse: 705 4
Rat: 705 4
Seal: 705 4
Whale: 705 4
Alignment(dna)
  10 taxa
  705 sites
  358 patterns

  UCRelaxedClockModel: using 18 rate categories to approximate rate distribution across branches.
  Using BEAGLE version: 3.0.2 resource 0: CPU
    with instance flags:  PRECISION_DOUBLE COMPUTATION_SYNCH EIGEN_REAL SCALING_MANUAL SCALERS_RAW VECTOR_NONE PROCESSOR_CPU FRAMEWORK_CPU
===============================================================================
Citations for this model:

Bouckaert RR, Heled J, Kuehnert D, Vaughan TG, Wu C-H, Xie D, Suchard MA,
  Rambaut A, Drummond AJ (2014) BEAST 2: A software platform for Bayesian
  evolutionary analysis. PLoS Computational Biology 10(4): e1003537

Hasegawa M, Kishino H, Yano T (1985) Dating the human-ape splitting by a
  molecular clock of mitochondrial DNA. Journal of Molecular Evolution
  22:160-174.

Drummond AJ, Ho SYW, Phillips MJ, Rambaut A (2006) Relaxed Phylogenetics and
  Dating with Confidence. PLoS Biol 4(5): e88

===============================================================================
Done testUCLNclock.json
Processing testHKY.json
bonobo: 768 4
chimp: 768 4
gorilla: 768 4
human: 768 4
orangutan: 768 4
siamang: 768 4
Alignment(alignment.org)
  6 taxa
  768 sites
  69 patterns

Filter ::
6 taxa
768 sites + 1000 constant sites
69 patterns
Starting frequencies: [0.20338662378894332, 0.22013054583735917, 0.23649607416716684, 0.3399867562065274]
  Using BEAGLE version: 3.0.2 resource 0: CPU
    with instance flags:  PRECISION_DOUBLE COMPUTATION_SYNCH EIGEN_REAL SCALING_MANUAL SCALERS_RAW VECTOR_NONE PROCESSOR_CPU FRAMEWORK_CPU
===============================================================================
Citations for this model:

Bouckaert RR, Heled J, Kuehnert D, Vaughan TG, Wu C-H, Xie D, Suchard MA,
  Rambaut A, Drummond AJ (2014) BEAST 2: A software platform for Bayesian
  evolutionary analysis. PLoS Computational Biology 10(4): e1003537

Hasegawa M, Kishino H, Yano T (1985) Dating the human-ape splitting by a
  molecular clock of mitochondrial DNA. Journal of Molecular Evolution
  22:160-174.

===============================================================================
Done testHKY.json
SUCCESS!!!
Test JSON Examples in /Users/lr411/Documents/workspace/LeoBEAST2_local/beast2/examples
Processing testUCLNclock.json
Carp: 705 4
Chicken: 705 4
Cow: 705 4
Frog: 705 4
Human: 705 4
Loach: 705 4
Mouse: 705 4
Rat: 705 4
Seal: 705 4
Whale: 705 4
Alignment(dna)
  10 taxa
  705 sites
  358 patterns

  UCRelaxedClockModel: using 18 rate categories to approximate rate distribution across branches.
  Using BEAGLE version: 3.0.2 resource 0: CPU
    with instance flags:  PRECISION_DOUBLE COMPUTATION_SYNCH EIGEN_REAL SCALING_MANUAL SCALERS_RAW VECTOR_NONE PROCESSOR_CPU FRAMEWORK_CPU
===============================================================================
Citations for this model:

Bouckaert RR, Heled J, Kuehnert D, Vaughan TG, Wu C-H, Xie D, Suchard MA,
  Rambaut A, Drummond AJ (2014) BEAST 2: A software platform for Bayesian
  evolutionary analysis. PLoS Computational Biology 10(4): e1003537

Hasegawa M, Kishino H, Yano T (1985) Dating the human-ape splitting by a
  molecular clock of mitochondrial DNA. Journal of Molecular Evolution
  22:160-174.

Drummond AJ, Ho SYW, Phillips MJ, Rambaut A (2006) Relaxed Phylogenetics and
  Dating with Confidence. PLoS Biol 4(5): e88

===============================================================================
Done testUCLNclock.json
Processing testHKY.json
bonobo: 768 4
chimp: 768 4
gorilla: 768 4
human: 768 4
orangutan: 768 4
siamang: 768 4
Alignment(alignment.org)
  6 taxa
  768 sites
  69 patterns

Filter ::
6 taxa
768 sites + 1000 constant sites
69 patterns
Starting frequencies: [0.20338662378894332, 0.22013054583735917, 0.23649607416716684, 0.3399867562065274]
  Using BEAGLE version: 3.0.2 resource 0: CPU
    with instance flags:  PRECISION_DOUBLE COMPUTATION_SYNCH EIGEN_REAL SCALING_MANUAL SCALERS_RAW VECTOR_NONE PROCESSOR_CPU FRAMEWORK_CPU
===============================================================================
Citations for this model:

Bouckaert RR, Heled J, Kuehnert D, Vaughan TG, Wu C-H, Xie D, Suchard MA,
  Rambaut A, Drummond AJ (2014) BEAST 2: A software platform for Bayesian
  evolutionary analysis. PLoS Computational Biology 10(4): e1003537

Hasegawa M, Kishino H, Yano T (1985) Dating the human-ape splitting by a
  molecular clock of mitochondrial DNA. Journal of Molecular Evolution
  22:160-174.

===============================================================================
Done testHKY.json

test_ThatJSONExamplesParse::Success
]]></system-out>
  <system-err><![CDATA[  Ignoring ambiguities in tree likelihood.
  Ignoring character uncertainty in tree likelihood.
  With 358 unique site patterns.
  Using rescaling scheme : dynamic
stateNode => beast.core.parameter.RealParameter
  Ignoring ambiguities in tree likelihood.
  Ignoring character uncertainty in tree likelihood.
  With 69 unique site patterns.
  Using rescaling scheme : dynamic
  Ignoring ambiguities in tree likelihood.
  Ignoring character uncertainty in tree likelihood.
  With 358 unique site patterns.
  Using rescaling scheme : dynamic
stateNode => beast.core.parameter.RealParameter
  Ignoring ambiguities in tree likelihood.
  Ignoring character uncertainty in tree likelihood.
  With 69 unique site patterns.
  Using rescaling scheme : dynamic
]]></system-err>
</testsuite>
