<?xml version="1.0" encoding="UTF-8" ?>
<testsuite errors="0" failures="0" hostname="Leonardos-MacBook-Pro.local" name="test.beast.evolution.substmodel.GTRTest" skipped="0" tests="1" time="0.1" timestamp="2019-06-11T12:13:12">
  <properties>
[...]
</properties>
  <testcase classname="test.beast.evolution.substmodel.GTRTest" name="testGTR" time="0.046" />
  <system-out><![CDATA[0 : 0.0
1 : 0.0
2 : 0.0
3 : 0.0
4 : 0.0
5 : 0.0
6 : 0.0
7 : 0.0
8 : 0.0
9 : 0.0
10 : 0.0
11 : 0.0
12 : 0.0
13 : 0.0
14 : 0.0
15 : 0.0
0 : 0.0
1 : 0.0
2 : 0.0
3 : 0.0
4 : 0.0
5 : 0.0
6 : 0.0
7 : 0.0
8 : 0.0
9 : 0.0
10 : 0.0
11 : 0.0
12 : 0.0
13 : 0.0
14 : 0.0
15 : 0.0
0 : 2.701172618913006E-13
1 : -2.348121697082206E-13
2 : 3.269745585399164E-13
3 : -3.623542438324634E-13
4 : -4.899448902140335E-13
5 : -4.5363712786183896E-13
6 : -3.62307406298612E-13
7 : 3.059497100110775E-13
8 : 6.168676680573526E-14
9 : -2.349544170332507E-13
10 : -4.64628335805628E-13
11 : -3.623767952376511E-13
12 : -4.898147859533353E-13
13 : 3.6694258742642205E-13
14 : -3.6225189514738076E-13
15 : 4.851674617611934E-13
0 : 4.3298697960381105E-13
1 : 1.2600337440105136E-13
2 : -1.2195106036116954E-13
3 : -4.370080686211253E-13
4 : -1.8485213360008856E-13
5 : 9.814371537686384E-14
6 : 1.2606929389313848E-13
7 : -3.93123034125864E-14
8 : 1.9513557436567908E-13
9 : 1.2602072163581113E-13
10 : 1.1590728377086634E-13
11 : -4.3699766028026943E-13
12 : -1.8464396678297135E-13
13 : -7.895767373256035E-14
14 : 1.2615949951388927E-13
15 : 1.3744561044859438E-13
0 : -4.812816811750054E-13
1 : 1.0064865607617435E-14
2 : 4.610062331877884E-13
3 : 1.0092621183233064E-14
4 : 1.0009354456386177E-14
5 : -4.812816811750054E-13
6 : 1.0064865607617435E-14
7 : 4.609784776121728E-13
8 : 4.610339887634041E-13
9 : 1.0231399061311208E-14
10 : -4.812816811750054E-13
11 : 1.0148132334464322E-14
12 : 1.0009354456386177E-14
13 : 4.609784776121728E-13
14 : 1.0064865607617435E-14
15 : -4.812816811750054E-13
]]></system-out>
  <system-err><![CDATA[]]></system-err>
</testsuite>
