<?xml version="1.0" encoding="UTF-8" ?>
<testsuite errors="0" failures="0" hostname="Leonardos-MacBook-Pro.local" name="test.beast.evolution.alignment.UnorderedAlignmentsTest" skipped="0" tests="1" time="0.433" timestamp="2019-06-11T12:12:37">
  <properties>
[...]
</properties>
  <testcase classname="test.beast.evolution.alignment.UnorderedAlignmentsTest" name="testUnorderedAlignment" time="0.377" />
  <system-out><![CDATA[A = 0.0 (5.0)
B = 0.3333333333333333 (4.666666666666667)
C = 0.6666666666666666 (4.333333333333333)
D = 1.0 (4.0)
E = 1.3333333333333333 (3.666666666666667)
F = 1.6666666666666667 (3.333333333333333)
G = 2.0 (3.0)
H = 2.3333333333333335 (2.6666666666666665)
I = 2.6666666666666665 (2.3333333333333335)
J = 3.0 (2.0)
K = 3.3333333333333335 (1.6666666666666665)
L = 3.6666666666666665 (1.3333333333333335)
M = 4.0 (1.0)
N = 4.333333333333333 (0.666666666666667)
O = 4.666666666666667 (0.33333333333333304)
P = 5.0 (0.0)
A: 1 4
B: 1 4
C: 1 4
D: 1 4
E: 1 4
F: 1 4
G: 1 4
H: 1 4
I: 1 4
J: 1 4
K: 1 4
L: 1 4
M: 1 4
N: 1 4
O: 1 4
P: 1 4
Alignment(null)
  16 taxa
  1 site

B: 1000 4
K: 1000 4
M: 1000 4
I: 1000 4
C: 1000 4
J: 1000 4
G: 1000 4
F: 1000 4
E: 1000 4
O: 1000 4
A: 1000 4
N: 1000 4
L: 1000 4
P: 1000 4
H: 1000 4
D: 1000 4
SimulatedAlignment(null)
  16 taxa
  1000 sites
  144 patterns

  Using BEAGLE version: 3.0.2 resource 0: CPU
    with instance flags:  PRECISION_DOUBLE COMPUTATION_SYNCH EIGEN_REAL SCALING_MANUAL SCALERS_RAW VECTOR_NONE PROCESSOR_CPU FRAMEWORK_CPU
  Using BEAGLE version: 3.0.2 resource 0: CPU
    with instance flags:  PRECISION_DOUBLE COMPUTATION_SYNCH EIGEN_REAL SCALING_MANUAL SCALERS_RAW VECTOR_NONE PROCESSOR_CPU FRAMEWORK_CPU
A: 1 4
B: 1 4
C: 1 4
D: 1 4
E: 1 4
F: 1 4
G: 1 4
H: 1 4
I: 1 4
J: 1 4
K: 1 4
L: 1 4
M: 1 4
N: 1 4
O: 1 4
P: 1 4
Alignment(null)
  16 taxa
  1 site

B: 1000 4
K: 1000 4
M: 1000 4
I: 1000 4
C: 1000 4
J: 1000 4
G: 1000 4
F: 1000 4
E: 1000 4
O: 1000 4
A: 1000 4
N: 1000 4
L: 1000 4
P: 1000 4
H: 1000 4
D: 1000 4
SimulatedAlignment(null)
  16 taxa
  1000 sites
  138 patterns

  Using BEAGLE version: 3.0.2 resource 0: CPU
    with instance flags:  PRECISION_DOUBLE COMPUTATION_SYNCH EIGEN_REAL SCALING_MANUAL SCALERS_RAW VECTOR_NONE PROCESSOR_CPU FRAMEWORK_CPU
  Using BEAGLE version: 3.0.2 resource 0: CPU
    with instance flags:  PRECISION_DOUBLE COMPUTATION_SYNCH EIGEN_REAL SCALING_MANUAL SCALERS_RAW VECTOR_NONE PROCESSOR_CPU FRAMEWORK_CPU
A: 1 4
B: 1 4
C: 1 4
D: 1 4
E: 1 4
F: 1 4
G: 1 4
H: 1 4
I: 1 4
J: 1 4
K: 1 4
L: 1 4
M: 1 4
N: 1 4
O: 1 4
P: 1 4
Alignment(null)
  16 taxa
  1 site

B: 1000 4
K: 1000 4
M: 1000 4
I: 1000 4
C: 1000 4
J: 1000 4
G: 1000 4
F: 1000 4
E: 1000 4
O: 1000 4
A: 1000 4
N: 1000 4
L: 1000 4
P: 1000 4
H: 1000 4
D: 1000 4
SimulatedAlignment(null)
  16 taxa
  1000 sites
  141 patterns

  Using BEAGLE version: 3.0.2 resource 0: CPU
    with instance flags:  PRECISION_DOUBLE COMPUTATION_SYNCH EIGEN_REAL SCALING_MANUAL SCALERS_RAW VECTOR_NONE PROCESSOR_CPU FRAMEWORK_CPU
  Using BEAGLE version: 3.0.2 resource 0: CPU
    with instance flags:  PRECISION_DOUBLE COMPUTATION_SYNCH EIGEN_REAL SCALING_MANUAL SCALERS_RAW VECTOR_NONE PROCESSOR_CPU FRAMEWORK_CPU
]]></system-out>
  <system-err><![CDATA[  Ignoring ambiguities in tree likelihood.
  Ignoring character uncertainty in tree likelihood.
  With 144 unique site patterns.
  Using rescaling scheme : dynamic
  Ignoring ambiguities in tree likelihood.
  Ignoring character uncertainty in tree likelihood.
  With 144 unique site patterns.
  Using rescaling scheme : dynamic
  Ignoring ambiguities in tree likelihood.
  Ignoring character uncertainty in tree likelihood.
  With 138 unique site patterns.
  Using rescaling scheme : dynamic
  Ignoring ambiguities in tree likelihood.
  Ignoring character uncertainty in tree likelihood.
  With 138 unique site patterns.
  Using rescaling scheme : dynamic
  Ignoring ambiguities in tree likelihood.
  Ignoring character uncertainty in tree likelihood.
  With 141 unique site patterns.
  Using rescaling scheme : dynamic
  Ignoring ambiguities in tree likelihood.
  Ignoring character uncertainty in tree likelihood.
  With 141 unique site patterns.
  Using rescaling scheme : dynamic
]]></system-err>
</testsuite>
