<?xml version="1.0" encoding="UTF-8" ?>
<testsuite errors="1" failures="0" hostname="Leonardos-MacBook-Pro.local" name="test.beast.integration.ResumeTest" skipped="0" tests="1" time="0.98" timestamp="2019-06-11T12:13:34">
  <properties>
[...]
</properties>
  <testcase classname="test.beast.integration.ResumeTest" name="test_ThatXmlExampleResumes" time="0.916">
    <error message="&#xa;Error 110 parsing the xml input file&#xa;&#xa;validate and intialize error: null&#xa;&#xa;Error detected about here:&#xa;  &lt;beast&gt;&#xa;      &lt;tree id=&apos;tree&apos;&gt;&#xa;" type="beast.util.XMLParserException">beast.util.XMLParserException: 
Error 110 parsing the xml input file

validate and intialize error: null

Error detected about here:
  &lt;beast&gt;
      &lt;tree id=&apos;tree&apos;&gt;

	at beast.util.XMLParser.initBEASTObjects(Unknown Source)
	at beast.util.XMLParser.parse(Unknown Source)
	at beast.util.XMLParser.parseFile(Unknown Source)
	at beast.util.XMLParser.parseFile(Unknown Source)
	at test.beast.integration.ResumeTest.test_ThatXmlExampleResumes(Unknown Source)
</error>
  </testcase>
  <system-out><![CDATA[Processing /Users/lr411/Documents/workspace/LeoBEAST2_local/beast2/examples/testHKY.xml
]]></system-out>
  <system-err><![CDATA[java.lang.NullPointerException
	at beast.util.XMLParser.initBEASTObjects(Unknown Source)
	at beast.util.XMLParser.parse(Unknown Source)
	at beast.util.XMLParser.parseFile(Unknown Source)
	at beast.util.XMLParser.parseFile(Unknown Source)
	at test.beast.integration.ResumeTest.test_ThatXmlExampleResumes(Unknown Source)
	at sun.reflect.NativeMethodAccessorImpl.invoke0(Native Method)
	at sun.reflect.NativeMethodAccessorImpl.invoke(NativeMethodAccessorImpl.java:62)
	at sun.reflect.DelegatingMethodAccessorImpl.invoke(DelegatingMethodAccessorImpl.java:43)
	at java.lang.reflect.Method.invoke(Method.java:498)
	at junit.framework.TestCase.runTest(TestCase.java:168)
	at junit.framework.TestCase.runBare(TestCase.java:134)
	at junit.framework.TestResult$1.protect(TestResult.java:110)
	at junit.framework.TestResult.runProtected(TestResult.java:128)
	at junit.framework.TestResult.run(TestResult.java:113)
	at junit.framework.TestCase.run(TestCase.java:124)
	at junit.framework.TestSuite.runTest(TestSuite.java:243)
	at junit.framework.TestSuite.run(TestSuite.java:238)
	at org.apache.tools.ant.taskdefs.optional.junit.JUnitTestRunner.run(JUnitTestRunner.java:534)
	at org.apache.tools.ant.taskdefs.optional.junit.JUnitTestRunner.launch(JUnitTestRunner.java:1196)
	at org.apache.tools.ant.taskdefs.optional.junit.JUnitTestRunner.main(JUnitTestRunner.java:1041)
]]></system-err>
</testsuite>
