<?xml version="1.0" encoding="UTF-8" ?>
<testsuite errors="0" failures="3" hostname="Leonardos-MacBook-Pro.local" name="test.beast.app.BeautiTest" skipped="0" tests="3" time="3.902" timestamp="2019-06-11T12:12:26">
  <properties>
[...]
</properties>
  <testcase classname="test.beast.app.BeautiTest" name="testStandarBatchMode" time="3.034">
    <failure message="expected:&lt;false&gt; but was:&lt;true&gt;" type="junit.framework.AssertionFailedError">junit.framework.AssertionFailedError: expected:&lt;false&gt; but was:&lt;true&gt;
	at test.beast.app.BeautiTest.testStandarBatchMode(Unknown Source)
</failure>
  </testcase>
  <testcase classname="test.beast.app.BeautiTest" name="testStarBeastBatchMode" time="0.572">
    <failure message="expected:&lt;false&gt; but was:&lt;true&gt;" type="junit.framework.AssertionFailedError">junit.framework.AssertionFailedError: expected:&lt;false&gt; but was:&lt;true&gt;
	at test.beast.app.BeautiTest.testStarBeastBatchMode(Unknown Source)
</failure>
  </testcase>
  <testcase classname="test.beast.app.BeautiTest" name="testCustomBatchMode" time="0.246">
    <failure message="expected:&lt;false&gt; but was:&lt;true&gt;" type="junit.framework.AssertionFailedError">junit.framework.AssertionFailedError: expected:&lt;false&gt; but was:&lt;true&gt;
	at test.beast.app.BeautiTest.testCustomBatchMode(Unknown Source)
</failure>
  </testcase>
  <system-out><![CDATA[Investigating /usr/local/Cellar/ant/1.10.6/libexec
Investigating /Users/lr411/Documents/workspace/LeoBEAST2_local/beast2
Investigating .
Investigating /usr/local/Cellar/ant/1.10.6/libexec
Investigating /Users/lr411/Documents/workspace/LeoBEAST2_local/beast2
Investigating .
Cow: 705 4
Carp: 705 4
Chicken: 705 4
Human: 705 4
Loach: 705 4
Mouse: 705 4
Rat: 705 4
Seal: 705 4
Whale: 705 4
Frog: 705 4
Alignment(null)
  10 taxa
  705 sites
  358 patterns

Investigating /usr/local/Cellar/ant/1.10.6/libexec
Investigating /Users/lr411/Documents/workspace/LeoBEAST2_local/beast2
Investigating .
Investigating /usr/local/Cellar/ant/1.10.6/libexec
Investigating /Users/lr411/Documents/workspace/LeoBEAST2_local/beast2
Investigating .
Orthogeomys_heterodus: 614 4
Thomomys_bottae_awahnee_a: 614 4
Thomomys_bottae_awahnee_b: 614 4
Thomomys_bottae_xerophilus: 614 4
Thomomys_bottae_cactophilus: 614 4
Thomomys_bottae_albatus: 614 4
Thomomys_bottae_ruidosae: 614 4
Thomomys_bottae_bottae: 614 4
Thomomys_bottae_alpinus: 614 4
Thomomys_bottae_riparius: 614 4
Thomomys_bottae_mewa: 614 4
Thomomys_bottae_saxatilis: 614 4
Thomomys_bottae_laticeps: 614 4
Thomomys_talpoides_ocius: 614 4
Thomomys_idahoensis_pygmaeus_a: 614 4
Thomomys_idahoensis_pygmaeus_b: 614 4
Thomomys_mazama_mazama: 614 4
Thomomys_mazama_nasicus: 614 4
Thomomys_monticola_a: 614 4
Thomomys_monticola_b: 614 4
Thomomys_talpoides_yakimensis: 614 4
Thomomys_talpoides_bridgeri: 614 4
Thomomys_townsendii_townsendii: 614 4
Thomomys_townsendii_relictus: 614 4
Thomomys_umbrinus_chihuahuae: 614 4
Thomomys_umbrinus_atroavarius: 614 4
Alignment(null)
  26 taxa
  614 sites
  144 patterns

Orthogeomys_heterodus: 601 4
Thomomys_bottae_awahnee_a: 601 4
Thomomys_bottae_awahnee_b: 601 4
Thomomys_bottae_xerophilus: 601 4
Thomomys_bottae_cactophilus: 601 4
Thomomys_bottae_albatus: 601 4
Thomomys_bottae_ruidosae: 601 4
Thomomys_bottae_bottae: 601 4
Thomomys_bottae_alpinus: 601 4
Thomomys_bottae_riparius: 601 4
Thomomys_bottae_mewa: 601 4
Thomomys_bottae_saxatilis: 601 4
Thomomys_bottae_laticeps: 601 4
Thomomys_talpoides_ocius: 601 4
Thomomys_idahoensis_pygmaeus_a: 601 4
Thomomys_idahoensis_pygmaeus_b: 601 4
Thomomys_mazama_mazama: 601 4
Thomomys_mazama_nasicus: 601 4
Thomomys_monticola_a: 601 4
Thomomys_monticola_b: 601 4
Thomomys_talpoides_yakimensis: 601 4
Thomomys_talpoides_bridgeri: 601 4
Thomomys_townsendii_townsendii: 601 4
Thomomys_townsendii_relictus: 601 4
Thomomys_umbrinus_chihuahuae: 601 4
Thomomys_umbrinus_atroavarius: 601 4
Alignment(null)
  26 taxa
  601 sites
  71 patterns

Investigating /usr/local/Cellar/ant/1.10.6/libexec
Investigating /Users/lr411/Documents/workspace/LeoBEAST2_local/beast2
Investigating .
Investigating /usr/local/Cellar/ant/1.10.6/libexec
Investigating /Users/lr411/Documents/workspace/LeoBEAST2_local/beast2
Investigating .
Anolis_ahli: 1456 4
Anolis_aliniger: 1456 4
Anolis_alutaceus: 1456 4
Anolis_angusticeps: 1456 4
Anolis_bahorucoensis: 1456 4
Anolis_barahonae: 1456 4
Anolis_brevirostris: 1456 4
Anolis_coelestinus: 1456 4
Anolis_cristatellus: 1456 4
Anolis_cuvieri: 1456 4
Anolis_distichus: 1456 4
Anolis_equestris: 1456 4
Anolis_garmani: 1456 4
Anolis_grahami: 1456 4
Anolis_insolitus: 1456 4
Anolis_krugi: 1456 4
Anolis_lineatopus: 1456 4
Anolis_loysiana: 1456 4
Anolis_luteogularis: 1456 4
Anolis_marcanoi: 1456 4
Anolis_occultus: 1456 4
Anolis_olssoni: 1456 4
Anolis_ophiolepis: 1456 4
Anolis_paternus: 1456 4
Anolis_sagrei: 1456 4
Anolis_strahmi: 1456 4
Anolis_stratulus: 1456 4
Anolis_valencienni: 1456 4
Anolis_vanidicus: 1456 4
Alignment(null)
  29 taxa
  1456 sites
  934 patterns

]]></system-out>
  <system-err><![CDATA[Loading template /Users/lr411/Documents/workspace/LeoBEAST2_local/beast2/templates/Standard.xml
Processing /Users/lr411/Documents/workspace/LeoBEAST2_local/beast2/templates/ClockModels.xml
Processing /Users/lr411/Documents/workspace/LeoBEAST2_local/beast2/templates/ParametricDistributions.xml
Processing /Users/lr411/Documents/workspace/LeoBEAST2_local/beast2/templates/StarBeast.xml
Processing /Users/lr411/Documents/workspace/LeoBEAST2_local/beast2/templates/TreePriors.xml
Processing /Users/lr411/Documents/workspace/LeoBEAST2_local/beast2/templates/SubstModels.xml
Skipping /Users/lr411/Documents/workspace/LeoBEAST2_local/beast2/./templates/ClockModels.xml since ClockModels.xml is already processed
Processing /Users/lr411/Documents/workspace/LeoBEAST2_local/beast2/./templates/Standard.xml
Skipping /Users/lr411/Documents/workspace/LeoBEAST2_local/beast2/./templates/ParametricDistributions.xml since ParametricDistributions.xml is already processed
Skipping /Users/lr411/Documents/workspace/LeoBEAST2_local/beast2/./templates/StarBeast.xml since StarBeast.xml is already processed
Skipping /Users/lr411/Documents/workspace/LeoBEAST2_local/beast2/./templates/TreePriors.xml since TreePriors.xml is already processed
Skipping /Users/lr411/Documents/workspace/LeoBEAST2_local/beast2/./templates/SubstModels.xml since SubstModels.xml is already processed
ch.randelshofer.quaqua.QuaquaLookAndFeel
Loading template /Users/lr411/Documents/workspace/LeoBEAST2_local/beast2/templates/Standard.xml
Processing /Users/lr411/Documents/workspace/LeoBEAST2_local/beast2/templates/ClockModels.xml
Processing /Users/lr411/Documents/workspace/LeoBEAST2_local/beast2/templates/ParametricDistributions.xml
Processing /Users/lr411/Documents/workspace/LeoBEAST2_local/beast2/templates/StarBeast.xml
Processing /Users/lr411/Documents/workspace/LeoBEAST2_local/beast2/templates/TreePriors.xml
Processing /Users/lr411/Documents/workspace/LeoBEAST2_local/beast2/templates/SubstModels.xml
Skipping /Users/lr411/Documents/workspace/LeoBEAST2_local/beast2/./templates/ClockModels.xml since ClockModels.xml is already processed
Processing /Users/lr411/Documents/workspace/LeoBEAST2_local/beast2/./templates/Standard.xml
Skipping /Users/lr411/Documents/workspace/LeoBEAST2_local/beast2/./templates/ParametricDistributions.xml since ParametricDistributions.xml is already processed
Skipping /Users/lr411/Documents/workspace/LeoBEAST2_local/beast2/./templates/StarBeast.xml since StarBeast.xml is already processed
Skipping /Users/lr411/Documents/workspace/LeoBEAST2_local/beast2/./templates/TreePriors.xml since TreePriors.xml is already processed
Skipping /Users/lr411/Documents/workspace/LeoBEAST2_local/beast2/./templates/SubstModels.xml since SubstModels.xml is already processed
map
map
map
map
map
map
map
map
map
map
map
map
beauticonfig
fragment
run
java.lang.NullPointerException
	at beast.util.XMLParser.initBEASTObjects(Unknown Source)
	at beast.util.XMLParser.parseTemplate(Unknown Source)
	at beast.app.beauti.BeautiDoc.loadTemplate(Unknown Source)
	at beast.app.beauti.BeautiDoc.mergeSequences(Unknown Source)
	at beast.app.beauti.BeautiDoc.initialize(Unknown Source)
	at beast.app.beauti.BeautiDoc.parseArgs(Unknown Source)
	at beast.app.beauti.Beauti.main2(Unknown Source)
	at beast.app.beauti.Beauti.main(Unknown Source)
	at test.beast.app.BeautiTest.testStandarBatchMode(Unknown Source)
	at sun.reflect.NativeMethodAccessorImpl.invoke0(Native Method)
	at sun.reflect.NativeMethodAccessorImpl.invoke(NativeMethodAccessorImpl.java:62)
	at sun.reflect.DelegatingMethodAccessorImpl.invoke(DelegatingMethodAccessorImpl.java:43)
	at java.lang.reflect.Method.invoke(Method.java:498)
	at junit.framework.TestCase.runTest(TestCase.java:168)
	at junit.framework.TestCase.runBare(TestCase.java:134)
	at junit.framework.TestResult$1.protect(TestResult.java:110)
	at junit.framework.TestResult.runProtected(TestResult.java:128)
	at junit.framework.TestResult.run(TestResult.java:113)
	at junit.framework.TestCase.run(TestCase.java:124)
	at junit.framework.TestSuite.runTest(TestSuite.java:243)
	at junit.framework.TestSuite.run(TestSuite.java:238)
	at org.apache.tools.ant.taskdefs.optional.junit.JUnitTestRunner.run(JUnitTestRunner.java:534)
	at org.apache.tools.ant.taskdefs.optional.junit.JUnitTestRunner.launch(JUnitTestRunner.java:1196)
	at org.apache.tools.ant.taskdefs.optional.junit.JUnitTestRunner.main(JUnitTestRunner.java:1041)
beast.util.XMLParserException: at unknown node (null)

Error 110 parsing the xml input file

validate and intialize error: null
	at beast.util.XMLParser.initBEASTObjects(Unknown Source)
	at beast.util.XMLParser.parseTemplate(Unknown Source)
	at beast.app.beauti.BeautiDoc.loadTemplate(Unknown Source)
	at beast.app.beauti.BeautiDoc.mergeSequences(Unknown Source)
	at beast.app.beauti.BeautiDoc.initialize(Unknown Source)
	at beast.app.beauti.BeautiDoc.parseArgs(Unknown Source)
	at beast.app.beauti.Beauti.main2(Unknown Source)
	at beast.app.beauti.Beauti.main(Unknown Source)
	at test.beast.app.BeautiTest.testStandarBatchMode(Unknown Source)
	at sun.reflect.NativeMethodAccessorImpl.invoke0(Native Method)
	at sun.reflect.NativeMethodAccessorImpl.invoke(NativeMethodAccessorImpl.java:62)
	at sun.reflect.DelegatingMethodAccessorImpl.invoke(DelegatingMethodAccessorImpl.java:43)
	at java.lang.reflect.Method.invoke(Method.java:498)
	at junit.framework.TestCase.runTest(TestCase.java:168)
	at junit.framework.TestCase.runBare(TestCase.java:134)
	at junit.framework.TestResult$1.protect(TestResult.java:110)
	at junit.framework.TestResult.runProtected(TestResult.java:128)
	at junit.framework.TestResult.run(TestResult.java:113)
	at junit.framework.TestCase.run(TestCase.java:124)
	at junit.framework.TestSuite.runTest(TestSuite.java:243)
	at junit.framework.TestSuite.run(TestSuite.java:238)
	at org.apache.tools.ant.taskdefs.optional.junit.JUnitTestRunner.run(JUnitTestRunner.java:534)
	at org.apache.tools.ant.taskdefs.optional.junit.JUnitTestRunner.launch(JUnitTestRunner.java:1196)
	at org.apache.tools.ant.taskdefs.optional.junit.JUnitTestRunner.main(JUnitTestRunner.java:1041)
Loading template /Users/lr411/Documents/workspace/LeoBEAST2_local/beast2/templates/StarBeast.xml
Processing /Users/lr411/Documents/workspace/LeoBEAST2_local/beast2/templates/ClockModels.xml
Processing /Users/lr411/Documents/workspace/LeoBEAST2_local/beast2/templates/Standard.xml
Processing /Users/lr411/Documents/workspace/LeoBEAST2_local/beast2/templates/ParametricDistributions.xml
Processing /Users/lr411/Documents/workspace/LeoBEAST2_local/beast2/templates/TreePriors.xml
Processing /Users/lr411/Documents/workspace/LeoBEAST2_local/beast2/templates/SubstModels.xml
Skipping /Users/lr411/Documents/workspace/LeoBEAST2_local/beast2/./templates/ClockModels.xml since ClockModels.xml is already processed
Skipping /Users/lr411/Documents/workspace/LeoBEAST2_local/beast2/./templates/Standard.xml since Standard.xml is already processed
Skipping /Users/lr411/Documents/workspace/LeoBEAST2_local/beast2/./templates/ParametricDistributions.xml since ParametricDistributions.xml is already processed
Processing /Users/lr411/Documents/workspace/LeoBEAST2_local/beast2/./templates/StarBeast.xml
Skipping /Users/lr411/Documents/workspace/LeoBEAST2_local/beast2/./templates/TreePriors.xml since TreePriors.xml is already processed
Skipping /Users/lr411/Documents/workspace/LeoBEAST2_local/beast2/./templates/SubstModels.xml since SubstModels.xml is already processed
ch.randelshofer.quaqua.QuaquaLookAndFeel
Loading template /Users/lr411/Documents/workspace/LeoBEAST2_local/beast2/templates/StarBeast.xml
Processing /Users/lr411/Documents/workspace/LeoBEAST2_local/beast2/templates/ClockModels.xml
Processing /Users/lr411/Documents/workspace/LeoBEAST2_local/beast2/templates/Standard.xml
Processing /Users/lr411/Documents/workspace/LeoBEAST2_local/beast2/templates/ParametricDistributions.xml
Processing /Users/lr411/Documents/workspace/LeoBEAST2_local/beast2/templates/TreePriors.xml
Processing /Users/lr411/Documents/workspace/LeoBEAST2_local/beast2/templates/SubstModels.xml
Skipping /Users/lr411/Documents/workspace/LeoBEAST2_local/beast2/./templates/ClockModels.xml since ClockModels.xml is already processed
Skipping /Users/lr411/Documents/workspace/LeoBEAST2_local/beast2/./templates/Standard.xml since Standard.xml is already processed
Skipping /Users/lr411/Documents/workspace/LeoBEAST2_local/beast2/./templates/ParametricDistributions.xml since ParametricDistributions.xml is already processed
Processing /Users/lr411/Documents/workspace/LeoBEAST2_local/beast2/./templates/StarBeast.xml
Skipping /Users/lr411/Documents/workspace/LeoBEAST2_local/beast2/./templates/TreePriors.xml since TreePriors.xml is already processed
Skipping /Users/lr411/Documents/workspace/LeoBEAST2_local/beast2/./templates/SubstModels.xml since SubstModels.xml is already processed
map
map
map
map
map
map
map
map
map
map
map
map
beauticonfig
fragment
taxonset
tree
treetop
run
java.lang.NullPointerException
	at beast.util.XMLParser.initBEASTObjects(Unknown Source)
	at beast.util.XMLParser.parseTemplate(Unknown Source)
	at beast.app.beauti.BeautiDoc.loadTemplate(Unknown Source)
	at beast.app.beauti.BeautiDoc.mergeSequences(Unknown Source)
	at beast.app.beauti.BeautiDoc.initialize(Unknown Source)
	at beast.app.beauti.BeautiDoc.parseArgs(Unknown Source)
	at beast.app.beauti.Beauti.main2(Unknown Source)
	at beast.app.beauti.Beauti.main(Unknown Source)
	at test.beast.app.BeautiTest.testStarBeastBatchMode(Unknown Source)
	at sun.reflect.NativeMethodAccessorImpl.invoke0(Native Method)
	at sun.reflect.NativeMethodAccessorImpl.invoke(NativeMethodAccessorImpl.java:62)
	at sun.reflect.DelegatingMethodAccessorImpl.invoke(DelegatingMethodAccessorImpl.java:43)
	at java.lang.reflect.Method.invoke(Method.java:498)
	at junit.framework.TestCase.runTest(TestCase.java:168)
	at junit.framework.TestCase.runBare(TestCase.java:134)
	at junit.framework.TestResult$1.protect(TestResult.java:110)
	at junit.framework.TestResult.runProtected(TestResult.java:128)
	at junit.framework.TestResult.run(TestResult.java:113)
	at junit.framework.TestCase.run(TestCase.java:124)
	at junit.framework.TestSuite.runTest(TestSuite.java:243)
	at junit.framework.TestSuite.run(TestSuite.java:238)
	at org.apache.tools.ant.taskdefs.optional.junit.JUnitTestRunner.run(JUnitTestRunner.java:534)
	at org.apache.tools.ant.taskdefs.optional.junit.JUnitTestRunner.launch(JUnitTestRunner.java:1196)
	at org.apache.tools.ant.taskdefs.optional.junit.JUnitTestRunner.main(JUnitTestRunner.java:1041)
beast.util.XMLParserException: at unknown node (null)

Error 110 parsing the xml input file

validate and intialize error: null
	at beast.util.XMLParser.initBEASTObjects(Unknown Source)
	at beast.util.XMLParser.parseTemplate(Unknown Source)
	at beast.app.beauti.BeautiDoc.loadTemplate(Unknown Source)
	at beast.app.beauti.BeautiDoc.mergeSequences(Unknown Source)
	at beast.app.beauti.BeautiDoc.initialize(Unknown Source)
	at beast.app.beauti.BeautiDoc.parseArgs(Unknown Source)
	at beast.app.beauti.Beauti.main2(Unknown Source)
	at beast.app.beauti.Beauti.main(Unknown Source)
	at test.beast.app.BeautiTest.testStarBeastBatchMode(Unknown Source)
	at sun.reflect.NativeMethodAccessorImpl.invoke0(Native Method)
	at sun.reflect.NativeMethodAccessorImpl.invoke(NativeMethodAccessorImpl.java:62)
	at sun.reflect.DelegatingMethodAccessorImpl.invoke(DelegatingMethodAccessorImpl.java:43)
	at java.lang.reflect.Method.invoke(Method.java:498)
	at junit.framework.TestCase.runTest(TestCase.java:168)
	at junit.framework.TestCase.runBare(TestCase.java:134)
	at junit.framework.TestResult$1.protect(TestResult.java:110)
	at junit.framework.TestResult.runProtected(TestResult.java:128)
	at junit.framework.TestResult.run(TestResult.java:113)
	at junit.framework.TestCase.run(TestCase.java:124)
	at junit.framework.TestSuite.runTest(TestSuite.java:243)
	at junit.framework.TestSuite.run(TestSuite.java:238)
	at org.apache.tools.ant.taskdefs.optional.junit.JUnitTestRunner.run(JUnitTestRunner.java:534)
	at org.apache.tools.ant.taskdefs.optional.junit.JUnitTestRunner.launch(JUnitTestRunner.java:1196)
	at org.apache.tools.ant.taskdefs.optional.junit.JUnitTestRunner.main(JUnitTestRunner.java:1041)
Loading template /Users/lr411/Documents/workspace/LeoBEAST2_local/beast2/test/template123x666.xml
Processing /Users/lr411/Documents/workspace/LeoBEAST2_local/beast2/templates/ClockModels.xml
Cannot find merge point named clockModelTemplates from ClockModels.xml in template. MergeWith ignored.
Processing /Users/lr411/Documents/workspace/LeoBEAST2_local/beast2/templates/Standard.xml
Processing /Users/lr411/Documents/workspace/LeoBEAST2_local/beast2/templates/ParametricDistributions.xml
Cannot find merge point named parametricDistributions from ParametricDistributions.xml in template. MergeWith ignored.
Processing /Users/lr411/Documents/workspace/LeoBEAST2_local/beast2/templates/StarBeast.xml
Processing /Users/lr411/Documents/workspace/LeoBEAST2_local/beast2/templates/TreePriors.xml
Cannot find merge point named misc from TreePriors.xml in template. MergeWith ignored.
Cannot find merge point named treePriorTemplates from TreePriors.xml in template. MergeWith ignored.
Processing /Users/lr411/Documents/workspace/LeoBEAST2_local/beast2/templates/SubstModels.xml
Cannot find merge point named substModelTemplates from SubstModels.xml in template. MergeWith ignored.
Skipping /Users/lr411/Documents/workspace/LeoBEAST2_local/beast2/./templates/ClockModels.xml since ClockModels.xml is already processed
Skipping /Users/lr411/Documents/workspace/LeoBEAST2_local/beast2/./templates/Standard.xml since Standard.xml is already processed
Skipping /Users/lr411/Documents/workspace/LeoBEAST2_local/beast2/./templates/ParametricDistributions.xml since ParametricDistributions.xml is already processed
Skipping /Users/lr411/Documents/workspace/LeoBEAST2_local/beast2/./templates/StarBeast.xml since StarBeast.xml is already processed
Skipping /Users/lr411/Documents/workspace/LeoBEAST2_local/beast2/./templates/TreePriors.xml since TreePriors.xml is already processed
Skipping /Users/lr411/Documents/workspace/LeoBEAST2_local/beast2/./templates/SubstModels.xml since SubstModels.xml is already processed
ch.randelshofer.quaqua.QuaquaLookAndFeel
Loading template /Users/lr411/Documents/workspace/LeoBEAST2_local/beast2/test/template123x666.xml
Processing /Users/lr411/Documents/workspace/LeoBEAST2_local/beast2/templates/ClockModels.xml
Cannot find merge point named clockModelTemplates from ClockModels.xml in template. MergeWith ignored.
Processing /Users/lr411/Documents/workspace/LeoBEAST2_local/beast2/templates/Standard.xml
Processing /Users/lr411/Documents/workspace/LeoBEAST2_local/beast2/templates/ParametricDistributions.xml
Cannot find merge point named parametricDistributions from ParametricDistributions.xml in template. MergeWith ignored.
Processing /Users/lr411/Documents/workspace/LeoBEAST2_local/beast2/templates/StarBeast.xml
Processing /Users/lr411/Documents/workspace/LeoBEAST2_local/beast2/templates/TreePriors.xml
Cannot find merge point named misc from TreePriors.xml in template. MergeWith ignored.
Cannot find merge point named treePriorTemplates from TreePriors.xml in template. MergeWith ignored.
Processing /Users/lr411/Documents/workspace/LeoBEAST2_local/beast2/templates/SubstModels.xml
Cannot find merge point named substModelTemplates from SubstModels.xml in template. MergeWith ignored.
Skipping /Users/lr411/Documents/workspace/LeoBEAST2_local/beast2/./templates/ClockModels.xml since ClockModels.xml is already processed
Skipping /Users/lr411/Documents/workspace/LeoBEAST2_local/beast2/./templates/Standard.xml since Standard.xml is already processed
Skipping /Users/lr411/Documents/workspace/LeoBEAST2_local/beast2/./templates/ParametricDistributions.xml since ParametricDistributions.xml is already processed
Skipping /Users/lr411/Documents/workspace/LeoBEAST2_local/beast2/./templates/StarBeast.xml since StarBeast.xml is already processed
Skipping /Users/lr411/Documents/workspace/LeoBEAST2_local/beast2/./templates/TreePriors.xml since TreePriors.xml is already processed
Skipping /Users/lr411/Documents/workspace/LeoBEAST2_local/beast2/./templates/SubstModels.xml since SubstModels.xml is already processed
data
input
input
input
parameter
tree
run
java.lang.NullPointerException
	at beast.util.XMLParser.initBEASTObjects(Unknown Source)
	at beast.util.XMLParser.parseTemplate(Unknown Source)
	at beast.app.beauti.BeautiDoc.loadTemplate(Unknown Source)
	at beast.app.beauti.BeautiDoc.mergeSequences(Unknown Source)
	at beast.app.beauti.BeautiDoc.initialize(Unknown Source)
	at beast.app.beauti.BeautiDoc.parseArgs(Unknown Source)
	at beast.app.beauti.Beauti.main2(Unknown Source)
	at beast.app.beauti.Beauti.main(Unknown Source)
	at test.beast.app.BeautiTest.testCustomBatchMode(Unknown Source)
	at sun.reflect.NativeMethodAccessorImpl.invoke0(Native Method)
	at sun.reflect.NativeMethodAccessorImpl.invoke(NativeMethodAccessorImpl.java:62)
	at sun.reflect.DelegatingMethodAccessorImpl.invoke(DelegatingMethodAccessorImpl.java:43)
	at java.lang.reflect.Method.invoke(Method.java:498)
	at junit.framework.TestCase.runTest(TestCase.java:168)
	at junit.framework.TestCase.runBare(TestCase.java:134)
	at junit.framework.TestResult$1.protect(TestResult.java:110)
	at junit.framework.TestResult.runProtected(TestResult.java:128)
	at junit.framework.TestResult.run(TestResult.java:113)
	at junit.framework.TestCase.run(TestCase.java:124)
	at junit.framework.TestSuite.runTest(TestSuite.java:243)
	at junit.framework.TestSuite.run(TestSuite.java:238)
	at org.apache.tools.ant.taskdefs.optional.junit.JUnitTestRunner.run(JUnitTestRunner.java:534)
	at org.apache.tools.ant.taskdefs.optional.junit.JUnitTestRunner.launch(JUnitTestRunner.java:1196)
	at org.apache.tools.ant.taskdefs.optional.junit.JUnitTestRunner.main(JUnitTestRunner.java:1041)
beast.util.XMLParserException: at unknown node (null)

Error 110 parsing the xml input file

validate and intialize error: null
	at beast.util.XMLParser.initBEASTObjects(Unknown Source)
	at beast.util.XMLParser.parseTemplate(Unknown Source)
	at beast.app.beauti.BeautiDoc.loadTemplate(Unknown Source)
	at beast.app.beauti.BeautiDoc.mergeSequences(Unknown Source)
	at beast.app.beauti.BeautiDoc.initialize(Unknown Source)
	at beast.app.beauti.BeautiDoc.parseArgs(Unknown Source)
	at beast.app.beauti.Beauti.main2(Unknown Source)
	at beast.app.beauti.Beauti.main(Unknown Source)
	at test.beast.app.BeautiTest.testCustomBatchMode(Unknown Source)
	at sun.reflect.NativeMethodAccessorImpl.invoke0(Native Method)
	at sun.reflect.NativeMethodAccessorImpl.invoke(NativeMethodAccessorImpl.java:62)
	at sun.reflect.DelegatingMethodAccessorImpl.invoke(DelegatingMethodAccessorImpl.java:43)
	at java.lang.reflect.Method.invoke(Method.java:498)
	at junit.framework.TestCase.runTest(TestCase.java:168)
	at junit.framework.TestCase.runBare(TestCase.java:134)
	at junit.framework.TestResult$1.protect(TestResult.java:110)
	at junit.framework.TestResult.runProtected(TestResult.java:128)
	at junit.framework.TestResult.run(TestResult.java:113)
	at junit.framework.TestCase.run(TestCase.java:124)
	at junit.framework.TestSuite.runTest(TestSuite.java:243)
	at junit.framework.TestSuite.run(TestSuite.java:238)
	at org.apache.tools.ant.taskdefs.optional.junit.JUnitTestRunner.run(JUnitTestRunner.java:534)
	at org.apache.tools.ant.taskdefs.optional.junit.JUnitTestRunner.launch(JUnitTestRunner.java:1196)
	at org.apache.tools.ant.taskdefs.optional.junit.JUnitTestRunner.main(JUnitTestRunner.java:1041)
]]></system-err>
</testsuite>
