<?xml version="1.0" encoding="UTF-8" ?>
<testsuite errors="0" failures="0" hostname="Leonardos-MacBook-Pro.local" name="test.beast.evolution.likelihood.TreeLikelihoodTest" skipped="0" tests="35" time="0.74" timestamp="2019-06-11T12:12:39">
  <properties>
[...]
</properties>
  <testcase classname="test.beast.evolution.likelihood.TreeLikelihoodTest" name="testHKY85Likelihood" time="0.312" />
  <testcase classname="test.beast.evolution.likelihood.TreeLikelihoodTest" name="testHKY85GLikelihood" time="0.023" />
  <testcase classname="test.beast.evolution.likelihood.TreeLikelihoodTest" name="testHKY85ILikelihood" time="0.013" />
  <testcase classname="test.beast.evolution.likelihood.TreeLikelihoodTest" name="testHKY85GILikelihood" time="0.019" />
  <testcase classname="test.beast.evolution.likelihood.TreeLikelihoodTest" name="testGTRLikelihood" time="0.015" />
  <testcase classname="test.beast.evolution.likelihood.TreeLikelihoodTest" name="testGTRILikelihood" time="0.011" />
  <testcase classname="test.beast.evolution.likelihood.TreeLikelihoodTest" name="testGTRGLikelihood" time="0.013" />
  <testcase classname="test.beast.evolution.likelihood.TreeLikelihoodTest" name="testGTRGILikelihood" time="0.011" />
  <testcase classname="test.beast.evolution.likelihood.TreeLikelihoodTest" name="testAminoAcidLikelihoodWAG" time="0.01" />
  <testcase classname="test.beast.evolution.likelihood.TreeLikelihoodTest" name="testAminoAcidLikelihoodJTT" time="0.01" />
  <testcase classname="test.beast.evolution.likelihood.TreeLikelihoodTest" name="testAminoAcidLikelihoodBlosum62" time="0.011" />
  <testcase classname="test.beast.evolution.likelihood.TreeLikelihoodTest" name="testAminoAcidLikelihoodDayhoff" time="0.01" />
  <testcase classname="test.beast.evolution.likelihood.TreeLikelihoodTest" name="testAminoAcidLikelihoodcpRev" time="0.008" />
  <testcase classname="test.beast.evolution.likelihood.TreeLikelihoodTest" name="testAminoAcidLikelihoodMTRev" time="0.009" />
  <testcase classname="test.beast.evolution.likelihood.TreeLikelihoodTest" name="testAminoAcidLikelihoodIWAG" time="0.007" />
  <testcase classname="test.beast.evolution.likelihood.TreeLikelihoodTest" name="testAminoAcidLikelihoodIJTT" time="0.013" />
  <testcase classname="test.beast.evolution.likelihood.TreeLikelihoodTest" name="testAminoAcidLikelihoodIBlosum62" time="0.008" />
  <testcase classname="test.beast.evolution.likelihood.TreeLikelihoodTest" name="testAminoAcidLikelihoodIDayhoff" time="0.006" />
  <testcase classname="test.beast.evolution.likelihood.TreeLikelihoodTest" name="testAminoAcidLikelihoodIcpRev" time="0.006" />
  <testcase classname="test.beast.evolution.likelihood.TreeLikelihoodTest" name="testAminoAcidLikelihoodIMTRev" time="0.014" />
  <testcase classname="test.beast.evolution.likelihood.TreeLikelihoodTest" name="testAminoAcidLikelihoodGIWAG" time="0.007" />
  <testcase classname="test.beast.evolution.likelihood.TreeLikelihoodTest" name="testAminoAcidLikelihoodGIJTT" time="0.006" />
  <testcase classname="test.beast.evolution.likelihood.TreeLikelihoodTest" name="testAminoAcidLikelihoodGIBlosum62" time="0.007" />
  <testcase classname="test.beast.evolution.likelihood.TreeLikelihoodTest" name="testAminoAcidLikelihoodGIDayhoff" time="0.007" />
  <testcase classname="test.beast.evolution.likelihood.TreeLikelihoodTest" name="testAminoAcidLikelihoodGIcpRev" time="0.006" />
  <testcase classname="test.beast.evolution.likelihood.TreeLikelihoodTest" name="testAminoAcidLikelihoodGIMTRev" time="0.007" />
  <testcase classname="test.beast.evolution.likelihood.TreeLikelihoodTest" name="testSDolloLikelihood" time="0.02" />
  <testcase classname="test.beast.evolution.likelihood.TreeLikelihoodTest" name="testBinaryCovarionLikelihood" time="0.015" />
  <testcase classname="test.beast.evolution.likelihood.TreeLikelihoodTest" name="testMarginalisationOfLikelihoodBinary" time="0.004" />
  <testcase classname="test.beast.evolution.likelihood.TreeLikelihoodTest" name="testMarginalisationOfLikelihoodNucleotide" time="0.004" />
  <testcase classname="test.beast.evolution.likelihood.TreeLikelihoodTest" name="testBeagleRNALikelihood" time="0.016" />
  <testcase classname="test.beast.evolution.likelihood.TreeLikelihoodTest" name="testJC69LikelihoodWithUncertainCharacters" time="0.015" />
  <testcase classname="test.beast.evolution.likelihood.TreeLikelihoodTest" name="testK80Likelihood" time="0.006" />
  <testcase classname="test.beast.evolution.likelihood.TreeLikelihoodTest" name="testAscertainedJC69Likelihood" time="0.006" />
  <testcase classname="test.beast.evolution.likelihood.TreeLikelihoodTest" name="testJC69Likelihood" time="0.006" />
  <system-out><![CDATA[human: 768 4
chimp: 768 4
bonobo: 768 4
gorilla: 768 4
orangutan: 768 4
siamang: 768 4
Alignment(null)
  6 taxa
  768 sites
  69 patterns

Starting frequencies: [0.33909429008672115, 0.24655436447178358, 0.1531393568179342, 0.26121198862355866]
TreeLikelihood(null) uses BeerLikelihoodCore4
  Alignment(null): [taxa, patterns, sites] = [6, 69, 768]
TreeLikelihood(null) uses BeerLikelihoodCore4
  Alignment(null): [taxa, patterns, sites] = [6, 69, 768]
human: 768 4
chimp: 768 4
bonobo: 768 4
gorilla: 768 4
orangutan: 768 4
siamang: 768 4
Alignment(null)
  6 taxa
  768 sites
  69 patterns

Starting frequencies: [0.33909429008672115, 0.24655436447178358, 0.1531393568179342, 0.26121198862355866]
TreeLikelihood(null) uses BeerLikelihoodCore4
  Alignment(null): [taxa, patterns, sites] = [6, 69, 768]
TreeLikelihood(null) uses BeerLikelihoodCore4
  Alignment(null): [taxa, patterns, sites] = [6, 69, 768]
human: 768 4
chimp: 768 4
bonobo: 768 4
gorilla: 768 4
orangutan: 768 4
siamang: 768 4
Alignment(null)
  6 taxa
  768 sites
  69 patterns

Starting frequencies: [0.33909429008672115, 0.24655436447178358, 0.1531393568179342, 0.26121198862355866]
TreeLikelihood(null) uses BeerLikelihoodCore4
  Alignment(null): [taxa, patterns, sites] = [6, 69, 768]
TreeLikelihood(null) uses BeerLikelihoodCore4
  Alignment(null): [taxa, patterns, sites] = [6, 69, 768]
human: 768 4
chimp: 768 4
bonobo: 768 4
gorilla: 768 4
orangutan: 768 4
siamang: 768 4
Alignment(null)
  6 taxa
  768 sites
  69 patterns

Starting frequencies: [0.33909429008672115, 0.24655436447178358, 0.1531393568179342, 0.26121198862355866]
TreeLikelihood(null) uses BeerLikelihoodCore4
  Alignment(null): [taxa, patterns, sites] = [6, 69, 768]
TreeLikelihood(null) uses BeerLikelihoodCore4
  Alignment(null): [taxa, patterns, sites] = [6, 69, 768]
human: 768 4
chimp: 768 4
bonobo: 768 4
gorilla: 768 4
orangutan: 768 4
siamang: 768 4
Alignment(null)
  6 taxa
  768 sites
  69 patterns

Starting frequencies: [0.33909429008672115, 0.24655436447178358, 0.1531393568179342, 0.26121198862355866]
TreeLikelihood(null) uses BeerLikelihoodCore4
  Alignment(null): [taxa, patterns, sites] = [6, 69, 768]
TreeLikelihood(null) uses BeerLikelihoodCore4
  Alignment(null): [taxa, patterns, sites] = [6, 69, 768]
human: 768 4
chimp: 768 4
bonobo: 768 4
gorilla: 768 4
orangutan: 768 4
siamang: 768 4
Alignment(null)
  6 taxa
  768 sites
  69 patterns

Starting frequencies: [0.33909429008672115, 0.24655436447178358, 0.1531393568179342, 0.26121198862355866]
TreeLikelihood(null) uses BeerLikelihoodCore4
  Alignment(null): [taxa, patterns, sites] = [6, 69, 768]
TreeLikelihood(null) uses BeerLikelihoodCore4
  Alignment(null): [taxa, patterns, sites] = [6, 69, 768]
human: 768 4
chimp: 768 4
bonobo: 768 4
gorilla: 768 4
orangutan: 768 4
siamang: 768 4
Alignment(null)
  6 taxa
  768 sites
  69 patterns

Starting frequencies: [0.33909429008672115, 0.24655436447178358, 0.1531393568179342, 0.26121198862355866]
TreeLikelihood(null) uses BeerLikelihoodCore4
  Alignment(null): [taxa, patterns, sites] = [6, 69, 768]
TreeLikelihood(null) uses BeerLikelihoodCore4
  Alignment(null): [taxa, patterns, sites] = [6, 69, 768]
human: 768 4
chimp: 768 4
bonobo: 768 4
gorilla: 768 4
orangutan: 768 4
siamang: 768 4
Alignment(null)
  6 taxa
  768 sites
  69 patterns

Starting frequencies: [0.33909429008672115, 0.24655436447178358, 0.1531393568179342, 0.26121198862355866]
TreeLikelihood(null) uses BeerLikelihoodCore4
  Alignment(null): [taxa, patterns, sites] = [6, 69, 768]
TreeLikelihood(null) uses BeerLikelihoodCore4
  Alignment(null): [taxa, patterns, sites] = [6, 69, 768]
Struthio_camelus: 85 20
Rhea_americana: 85 20
Pterocnemia_pennata: 85 20
Alignment(null)
  3 taxa
  85 sites
  32 patterns

TreeLikelihood(null) uses BeerLikelihoodCore
  Alignment(null): [taxa, patterns, sites] = [3, 32, 85]
Struthio_camelus: 85 20
Rhea_americana: 85 20
Pterocnemia_pennata: 85 20
Alignment(null)
  3 taxa
  85 sites
  32 patterns

TreeLikelihood(null) uses BeerLikelihoodCore
  Alignment(null): [taxa, patterns, sites] = [3, 32, 85]
Struthio_camelus: 85 20
Rhea_americana: 85 20
Pterocnemia_pennata: 85 20
Alignment(null)
  3 taxa
  85 sites
  32 patterns

TreeLikelihood(null) uses BeerLikelihoodCore
  Alignment(null): [taxa, patterns, sites] = [3, 32, 85]
Struthio_camelus: 85 20
Rhea_americana: 85 20
Pterocnemia_pennata: 85 20
Alignment(null)
  3 taxa
  85 sites
  32 patterns

TreeLikelihood(null) uses BeerLikelihoodCore
  Alignment(null): [taxa, patterns, sites] = [3, 32, 85]
Struthio_camelus: 85 20
Rhea_americana: 85 20
Pterocnemia_pennata: 85 20
Alignment(null)
  3 taxa
  85 sites
  32 patterns

TreeLikelihood(null) uses BeerLikelihoodCore
  Alignment(null): [taxa, patterns, sites] = [3, 32, 85]
Struthio_camelus: 85 20
Rhea_americana: 85 20
Pterocnemia_pennata: 85 20
Alignment(null)
  3 taxa
  85 sites
  32 patterns

TreeLikelihood(null) uses BeerLikelihoodCore
  Alignment(null): [taxa, patterns, sites] = [3, 32, 85]
Struthio_camelus: 85 20
Rhea_americana: 85 20
Pterocnemia_pennata: 85 20
Alignment(null)
  3 taxa
  85 sites
  32 patterns

TreeLikelihood(null) uses BeerLikelihoodCore
  Alignment(null): [taxa, patterns, sites] = [3, 32, 85]
Struthio_camelus: 85 20
Rhea_americana: 85 20
Pterocnemia_pennata: 85 20
Alignment(null)
  3 taxa
  85 sites
  32 patterns

TreeLikelihood(null) uses BeerLikelihoodCore
  Alignment(null): [taxa, patterns, sites] = [3, 32, 85]
Struthio_camelus: 85 20
Rhea_americana: 85 20
Pterocnemia_pennata: 85 20
Alignment(null)
  3 taxa
  85 sites
  32 patterns

TreeLikelihood(null) uses BeerLikelihoodCore
  Alignment(null): [taxa, patterns, sites] = [3, 32, 85]
Struthio_camelus: 85 20
Rhea_americana: 85 20
Pterocnemia_pennata: 85 20
Alignment(null)
  3 taxa
  85 sites
  32 patterns

TreeLikelihood(null) uses BeerLikelihoodCore
  Alignment(null): [taxa, patterns, sites] = [3, 32, 85]
Struthio_camelus: 85 20
Rhea_americana: 85 20
Pterocnemia_pennata: 85 20
Alignment(null)
  3 taxa
  85 sites
  32 patterns

TreeLikelihood(null) uses BeerLikelihoodCore
  Alignment(null): [taxa, patterns, sites] = [3, 32, 85]
Struthio_camelus: 85 20
Rhea_americana: 85 20
Pterocnemia_pennata: 85 20
Alignment(null)
  3 taxa
  85 sites
  32 patterns

TreeLikelihood(null) uses BeerLikelihoodCore
  Alignment(null): [taxa, patterns, sites] = [3, 32, 85]
Struthio_camelus: 85 20
Rhea_americana: 85 20
Pterocnemia_pennata: 85 20
Alignment(null)
  3 taxa
  85 sites
  32 patterns

TreeLikelihood(null) uses BeerLikelihoodCore
  Alignment(null): [taxa, patterns, sites] = [3, 32, 85]
Struthio_camelus: 85 20
Rhea_americana: 85 20
Pterocnemia_pennata: 85 20
Alignment(null)
  3 taxa
  85 sites
  32 patterns

TreeLikelihood(null) uses BeerLikelihoodCore
  Alignment(null): [taxa, patterns, sites] = [3, 32, 85]
Struthio_camelus: 85 20
Rhea_americana: 85 20
Pterocnemia_pennata: 85 20
Alignment(null)
  3 taxa
  85 sites
  32 patterns

TreeLikelihood(null) uses BeerLikelihoodCore
  Alignment(null): [taxa, patterns, sites] = [3, 32, 85]
Struthio_camelus: 85 20
Rhea_americana: 85 20
Pterocnemia_pennata: 85 20
Alignment(null)
  3 taxa
  85 sites
  32 patterns

TreeLikelihood(null) uses BeerLikelihoodCore
  Alignment(null): [taxa, patterns, sites] = [3, 32, 85]
Struthio_camelus: 85 20
Rhea_americana: 85 20
Pterocnemia_pennata: 85 20
Alignment(null)
  3 taxa
  85 sites
  32 patterns

TreeLikelihood(null) uses BeerLikelihoodCore
  Alignment(null): [taxa, patterns, sites] = [3, 32, 85]
Struthio_camelus: 85 20
Rhea_americana: 85 20
Pterocnemia_pennata: 85 20
Alignment(null)
  3 taxa
  85 sites
  32 patterns

TreeLikelihood(null) uses BeerLikelihoodCore
  Alignment(null): [taxa, patterns, sites] = [3, 32, 85]
German_ST: 5051 2
Dutch_List: 5051 2
English_ST: 5051 2
French: 5051 2
Italian: 5051 2
Spanish: 5051 2
Alignment(null)
  6 taxa
  5051 sites
  50 patterns

TreeLikelihood(null) uses BeerLikelihoodCore
  Alignment(null): [taxa, patterns, sites] = [6, 50, 5051]
TreeLikelihood(null) uses BeerLikelihoodCore
  Alignment(null): [taxa, patterns, sites] = [6, 50, 5051]
German_ST: 5051 4
Dutch_List: 5051 4
English_ST: 5051 4
French: 5051 4
Italian: 5051 4
Spanish: 5051 4
Stripping invariant sites
 <0>  <1>  removed 4486 sites 
Alignment(null)
  6 taxa
  5051 sites with weight 565
  50 patterns

TreeLikelihood(null) uses BeerLikelihoodCore4
  Alignment(null): [taxa, patterns, sites] = [6, 50, 565]
TreeLikelihood(null) uses BeerLikelihoodCore4
  Alignment(null): [taxa, patterns, sites] = [6, 50, 565]
German_ST: 8 2
Dutch_List: 8 2
English_ST: 8 2
Alignment(null)
  3 taxa
  8 sites
  8 patterns

TreeLikelihood(null) uses BeerLikelihoodCore
  Alignment(null): [taxa, patterns, sites] = [3, 8, 8]
TreeLikelihood(null) uses BeerLikelihoodCore
  Alignment(null): [taxa, patterns, sites] = [3, 8, 8]
German_ST: 64 4
Dutch_List: 64 4
English_ST: 64 4
Alignment(null)
  3 taxa
  64 sites
  64 patterns

TreeLikelihood(null) uses BeerLikelihoodCore4
  Alignment(null): [taxa, patterns, sites] = [3, 64, 64]
TreeLikelihood(null) uses BeerLikelihoodCore4
  Alignment(null): [taxa, patterns, sites] = [3, 64, 64]
t1: 12 4
t2: 12 4
t3: 12 4
Alignment(null)
  3 taxa
  12 sites
  4 patterns

TreeLikelihood(null) uses BeerLikelihoodCore4
  Alignment(null): [taxa, patterns, sites] = [3, 4, 12]
  Using BEAGLE version: 3.0.2 resource 0: CPU
    with instance flags:  PRECISION_DOUBLE COMPUTATION_SYNCH EIGEN_REAL SCALING_MANUAL SCALERS_RAW VECTOR_NONE PROCESSOR_CPU FRAMEWORK_CPU
seq1: 3 4
seq2: 3 4
seq3: 3 4
Alignment(null)
  3 taxa
  3 sites
  3 patterns

seq1: 3 4
seq2: 3 4
seq3: 3 4
Alignment(null)
  3 taxa
  3 sites
  3 patterns

Most probable sequences:
ATT
ATC
GCC

Tree A:
Without tip likelihoods:
TreeLikelihood(null) uses BeerLikelihoodCore4
  Alignment(null): [taxa, patterns, sites] = [3, 3, 3]
-11.853202336328778
With tip likelihoods:
TreeLikelihood(null) uses BeerLikelihoodCore4
  Alignment(null): [taxa, patterns, sites] = [3, 3, 3]
-11.853202336328778
Without tip likelihoods:
TreeLikelihood(null) uses BeerLikelihoodCore4
  Alignment(null): [taxa, patterns, sites] = [3, 3, 3]
-11.853202336328778
With tip likelihoods:
TreeLikelihood(null) uses BeerLikelihoodCore4
  Alignment(null): [taxa, patterns, sites] = [3, 3, 3]
-12.069603116476458

Tree B:
Without tip likelihoods:
TreeLikelihood(null) uses BeerLikelihoodCore4
  Alignment(null): [taxa, patterns, sites] = [3, 3, 3]
-12.421114302827698
With tip likelihoods:
TreeLikelihood(null) uses BeerLikelihoodCore4
  Alignment(null): [taxa, patterns, sites] = [3, 3, 3]
-12.421114302827698
Without tip likelihoods:
TreeLikelihood(null) uses BeerLikelihoodCore4
  Alignment(null): [taxa, patterns, sites] = [3, 3, 3]
-12.421114302827698
With tip likelihoods:
TreeLikelihood(null) uses BeerLikelihoodCore4
  Alignment(null): [taxa, patterns, sites] = [3, 3, 3]
-11.62105662310513

Testing alignment doubling:
seq1: 6 4
seq2: 6 4
seq3: 6 4
Alignment(null)
  3 taxa
  6 sites
  6 patterns

Most probable sequences:
ATTATT
ATCATC
GCCGCC
Without tip likelihoods:
TreeLikelihood(null) uses BeerLikelihoodCore4
  Alignment(null): [taxa, patterns, sites] = [3, 6, 6]
-24.842228605655393
With tip likelihoods:
TreeLikelihood(null) uses BeerLikelihoodCore4
  Alignment(null): [taxa, patterns, sites] = [3, 6, 6]
-23.24211324621026
human: 768 4
chimp: 768 4
bonobo: 768 4
gorilla: 768 4
orangutan: 768 4
siamang: 768 4
Alignment(null)
  6 taxa
  768 sites
  69 patterns

TreeLikelihood(null) uses BeerLikelihoodCore4
  Alignment(null): [taxa, patterns, sites] = [6, 69, 768]
TreeLikelihood(null) uses BeerLikelihoodCore4
  Alignment(null): [taxa, patterns, sites] = [6, 69, 768]
human: 772 4
chimp: 772 4
bonobo: 772 4
gorilla: 772 4
orangutan: 772 4
siamang: 772 4
Alignment(null)
  6 taxa
  772 sites with weight 145
  69 patterns

TreeLikelihood(null) uses BeerLikelihoodCore4
  Alignment(null): [taxa, patterns, sites] = [6, 69, 145]
human: 768 4
chimp: 768 4
bonobo: 768 4
gorilla: 768 4
orangutan: 768 4
siamang: 768 4
Alignment(null)
  6 taxa
  768 sites
  69 patterns

TreeLikelihood(null) uses BeerLikelihoodCore4
  Alignment(null): [taxa, patterns, sites] = [6, 69, 768]
TreeLikelihood(null) uses BeerLikelihoodCore4
  Alignment(null): [taxa, patterns, sites] = [6, 69, 768]
]]></system-out>
  <system-err><![CDATA[1.1368683772161603E-12
  Ignoring ambiguities in tree likelihood.
  Ignoring character uncertainty in tree likelihood.
  With 4 unique site patterns.
  Using rescaling scheme : dynamic
]]></system-err>
</testsuite>
