<?xml version="1.0" encoding="UTF-8" ?>
<testsuite errors="1" failures="0" hostname="Leonardos-MacBook-Pro.local" name="test.beast.math.distributions.LogNormalDistributionModelTest" skipped="0" tests="8" time="3.345" timestamp="2019-06-11T12:13:46">
  <properties>
[...]
</properties>
  <testcase classname="test.beast.math.distributions.LogNormalDistributionModelTest" name="testMean" time="0.232" />
  <testcase classname="test.beast.math.distributions.LogNormalDistributionModelTest" name="testPdf" time="0.914" />
  <testcase classname="test.beast.math.distributions.LogNormalDistributionModelTest" name="testPDF" time="0.493" />
  <testcase classname="test.beast.math.distributions.LogNormalDistributionModelTest" name="testCalcLogP" time="0.001" />
  <testcase classname="test.beast.math.distributions.LogNormalDistributionModelTest" name="testCalcLogP2" time="0.782">
    <error message="at unknown node (null)&#xa;&#xa;Error 110 parsing the xml input file&#xa;&#xa;validate and intialize error: null" type="beast.util.XMLParserException">beast.util.XMLParserException: at unknown node (null)

Error 110 parsing the xml input file

validate and intialize error: null
	at beast.util.XMLParser.initBEASTObjects(Unknown Source)
	at beast.util.XMLParser.parseFragment(Unknown Source)
	at beast.util.XMLParser.parseBareFragment(Unknown Source)
	at test.beast.math.distributions.LogNormalDistributionModelTest.testCalcLogP2(Unknown Source)
</error>
  </testcase>
  <testcase classname="test.beast.math.distributions.LogNormalDistributionModelTest" name="testCalcLogP3" time="0.001" />
  <testcase classname="test.beast.math.distributions.LogNormalDistributionModelTest" name="testMedian" time="0.591" />
  <testcase classname="test.beast.math.distributions.LogNormalDistributionModelTest" name="testCDFAndQuantile" time="0.283" />
  <system-out><![CDATA[Testing 10000 random pdf calls
Testing 10000 random pdf calls
Testing logNormal[M=0.8170007222327076 S=0.7818061691292355].pdf(1.1914069371517657)
Testing logNormal[M=-1.624053989469875 S=0.5670103549704719].pdf(2.22286365109385)
Testing logNormal[M=-0.24289355027674464 S=7.50987110230445].pdf(1.2226785452820397)
Testing logNormal[M=-4.819953078525042 S=9.157198683177144].pdf(1.96127103806054)
Testing logNormal[M=4.254896156676262 S=5.200719524442711].pdf(1.5258400021349412)
Testing logNormal[M=-0.619373471918486 S=6.294913037915966].pdf(1.7731032816892407)
Testing logNormal[M=4.218264911891062 S=5.533569747376986].pdf(2.0391383135932983)
Testing logNormal[M=4.005237988785041 S=7.325518099229216].pdf(2.2542425693151995)
Testing logNormal[M=2.8936892603253668 S=9.16072040294657].pdf(2.003433760871605)
Testing logNormal[M=2.211672639158709 S=8.026512128444242].pdf(2.0794339113443514)
Testing logNormal[M=-4.0129632784530544 S=3.1829823482488404].pdf(1.74249692211751)
Testing logNormal[M=1.9572859951459272 S=6.705099738551543].pdf(2.0679898521433997)
Testing logNormal[M=2.341025824297258 S=1.41488431738789].pdf(2.2073326540651665)
Testing logNormal[M=-2.100556795521645 S=5.3093713997254905].pdf(2.232384629642756)
Testing logNormal[M=3.7833900989706457 S=3.1933657579984045].pdf(2.173865948903974)
Testing logNormal[M=0.022544294351671823 S=1.0294021998769876].pdf(2.2797545622058233)
Testing logNormal[M=2.681806607555828 S=9.83400037352755].pdf(1.2165617616816726)
Testing logNormal[M=-3.295865704622938 S=5.335811606978451].pdf(0.9610585990225239)
Testing logNormal[M=3.5230386523916977 S=2.743721195344928].pdf(1.1178832055719115)
Testing logNormal[M=2.9667807765486245 S=7.772017611361446].pdf(0.7391277616747142)
Testing logNormal[M=-4.367212571461739 S=3.891311817718096].pdf(2.060465989807966)
Testing logNormal[M=-3.1116979596832395 S=8.945744138130912].pdf(2.2267021138122822)
Testing logNormal[M=-1.007223029947225 S=1.3614080627037384].pdf(1.6335001461129615)
Testing logNormal[M=-3.7225615148918667 S=5.113183127994761].pdf(1.2571700171745601)
Testing logNormal[M=2.864576223531058 S=5.742949478171701].pdf(1.011314435577617)
Testing logNormal[M=1.851630680743387 S=7.441058678820921].pdf(2.1023917584147065)
Testing logNormal[M=-4.521641096660549 S=6.535034470343516].pdf(2.1058484181425063)
Testing logNormal[M=4.265780593132016 S=9.093620482239457].pdf(2.1677774209491334)
Testing logNormal[M=-3.901679520479057 S=1.977323492785893].pdf(2.1882495023663786)
Testing logNormal[M=3.1095119085588916 S=2.2442039968126037].pdf(0.42207579860978567)
Testing logNormal[M=-4.52738202318063 S=7.944173130529294].pdf(1.7786794557807963)
Testing logNormal[M=-4.253379906115075 S=5.493664595816].pdf(1.9565705430756077)
Testing logNormal[M=-1.0030561571824204 S=1.8736524322052606].pdf(2.1527995697950386)
Testing logNormal[M=-0.8989685581162989 S=7.881074696547712].pdf(1.2853797050757552)
Testing logNormal[M=-4.460427678749283 S=5.968636130366524].pdf(1.94246173620112)
Testing logNormal[M=1.9232719604126727 S=1.2528113313514022].pdf(1.8216871217201318)
Testing logNormal[M=3.7929864511802123 S=9.370948172309273].pdf(2.1939683207683562)
Testing logNormal[M=-3.665472606346616 S=2.810216346649723].pdf(1.9367572842409877)
Testing logNormal[M=-2.888607539459872 S=8.436696501659599].pdf(1.834861171308994)
Testing logNormal[M=-2.435200298085367 S=6.491422703027383].pdf(1.6370130751052836)
Testing logNormal[M=4.713070623955611 S=2.672217793158642].pdf(0.4141829294002234)
Testing logNormal[M=3.6917980731445983 S=7.540174261823703].pdf(2.2577408768036094)
Testing logNormal[M=2.1765830856855874 S=9.977870336861805].pdf(1.4168161390784917)
Testing logNormal[M=-1.829688977884918 S=4.4693164201466296].pdf(0.34728196939162875)
Testing logNormal[M=1.0321743498831495 S=4.862891458612186].pdf(2.0941160234983585)
Testing logNormal[M=4.233746604774405 S=1.8374363439572972].pdf(2.0963452931689637)
Testing logNormal[M=3.6895420702133706 S=5.942366018016685].pdf(2.0616450392088503)
Testing logNormal[M=1.6508812741828223 S=8.127512838155674].pdf(2.2468952595243343)
Testing logNormal[M=-0.6866776784148261 S=5.373179619681863].pdf(1.5919527698684077)
Testing logNormal[M=-0.542864171395415 S=5.573284605668772].pdf(2.2781356858365354)
Testing logNormal[M=-0.995536048416211 S=4.843028708088427].pdf(0.7186182723807792)
Testing logNormal[M=-1.3540296569413544 S=5.7375394827326325].pdf(1.9006734286014584)
Testing logNormal[M=-3.4075798516839795 S=4.361748927575531].pdf(2.2968364898047136)
Testing logNormal[M=-2.2316074726434074 S=0.9088214260004468].pdf(2.1055353469391624)
Testing logNormal[M=-0.13663030619912497 S=7.833124521958431].pdf(0.7566623284727393)
Testing logNormal[M=3.1238811101398554 S=4.561482766209641].pdf(0.19159691125568207)
Testing logNormal[M=2.4261896317279783 S=0.985512044395328].pdf(1.9559364398019856)
Testing logNormal[M=3.398512363878055 S=2.7029142652963256].pdf(1.7465973411728932)
Testing logNormal[M=4.5372957704399965 S=0.5014784643354275].pdf(1.4963460913539155)
Testing logNormal[M=-3.641383256194357 S=7.654656489123268].pdf(0.9718419962180989)
Testing logNormal[M=3.3393164829078135 S=0.382647140066954].pdf(0.8906529144632058)
Testing logNormal[M=4.211398687778868 S=4.606559457523454].pdf(2.137999079153031)
Testing logNormal[M=-4.020569265569792 S=2.9966772147781007].pdf(0.7303565422160464)
Testing logNormal[M=-4.081021234178309 S=8.670452538922934].pdf(0.986075537024366)
Testing logNormal[M=3.2604567639446973 S=6.8013847693661535].pdf(1.2698139480178383)
Testing logNormal[M=4.863247895849938 S=7.86138063903997].pdf(1.6063135464771225)
Testing logNormal[M=1.1883544652194562 S=8.537617414453415].pdf(1.2365782721263296)
Testing logNormal[M=1.655718718369977 S=2.785178954656382].pdf(2.1348518697304297)
Testing logNormal[M=-4.458864296151644 S=0.30679364083063154].pdf(0.6386398291042665)
Testing logNormal[M=-0.20328360558988834 S=1.4771622531042217].pdf(1.8413439375156029)
Testing logNormal[M=-0.6773676325024516 S=1.490272951773488].pdf(2.0046586005803615)
Testing logNormal[M=0.547881685994617 S=4.752141279601608].pdf(2.008657454934991)
Testing logNormal[M=4.340003654097115 S=5.320048076649532].pdf(1.9824076827980384)
Testing logNormal[M=-0.6722584906233022 S=3.401117685631303].pdf(2.061473767905852)
Testing logNormal[M=0.5651244198967138 S=4.7602951148694554].pdf(2.051922398205611)
Testing logNormal[M=-3.9927850925491204 S=2.9350209064217925].pdf(1.7462103344264563)
Testing logNormal[M=-2.7762903950085516 S=1.7895188592259004].pdf(1.5179370152541287)
Testing logNormal[M=0.7309244881205936 S=5.904988750916221].pdf(2.062439915862319)
Testing logNormal[M=-0.10047040484712433 S=8.930715858287133].pdf(2.1453670603357153)
Testing logNormal[M=-1.2874128785614305 S=8.53301361961803].pdf(0.9233424693363892)
Testing logNormal[M=3.067588078131587 S=2.859834427835082].pdf(0.8980453926861292)
Testing logNormal[M=-2.142330792815769 S=8.398094342540007].pdf(1.510741712079743)
Testing logNormal[M=-3.894672948616668 S=4.63595454603094].pdf(1.8352855987825978)
Testing logNormal[M=1.4598393750460232 S=1.452612244220547].pdf(0.9013140790762347)
Testing logNormal[M=2.740342536351746 S=9.560704198986569].pdf(2.241810228640799)
Testing logNormal[M=3.861822815716483 S=7.225426598198149].pdf(2.0914747448722713)
Testing logNormal[M=1.8240412294056538 S=0.12523421547721014].pdf(2.2143189272203987)
Testing logNormal[M=-2.7931464370457784 S=6.213800141599968].pdf(1.9745080408682039)
Testing logNormal[M=2.7042423290857345 S=1.4888305886200348].pdf(0.8384936724202362)
Testing logNormal[M=4.834517512476609 S=5.3626282566754835].pdf(1.8456823735570393)
Testing logNormal[M=0.34965482179344676 S=5.980113130323662].pdf(2.225370547028847)
Testing logNormal[M=-1.9299825971071694 S=7.039302426364279].pdf(1.8690808344438594)
Testing logNormal[M=0.016335418151892434 S=4.5722486402448].pdf(2.279277647285363)
Testing logNormal[M=0.4957653264448938 S=2.743613409298127].pdf(0.8693026321712027)
Testing logNormal[M=-4.2031222568038595 S=5.786443815993118].pdf(0.5094334068082044)
Testing logNormal[M=4.570928580170859 S=1.5824671668731893].pdf(1.3111527583945959)
Testing logNormal[M=-2.6662005075229747 S=6.918426682988561].pdf(1.7620717490241853)
Testing logNormal[M=2.449500831618762 S=1.2265068832103787].pdf(2.2512527213486155)
Testing logNormal[M=2.830537984340891 S=3.4913080392323415].pdf(1.524651230122865)
Testing logNormal[M=0.35969621832198584 S=4.932907803190735].pdf(2.103064919410751)
Testing logNormal[M=1.4589746149989775 S=1.3345352350980066].pdf(1.0024154016895344)
Testing logNormal[M=-0.4423742432535862 S=6.1839307048041405].pdf(1.5411812891112113)
Testing logNormal[M=-1.736837076138431 S=6.126510142060614].pdf(1.6473900805319674)
Testing logNormal[M=-2.308099402274907 S=6.32266292102806].pdf(1.982348959044852)
Testing logNormal[M=4.090155419347145 S=8.766709965922733].pdf(1.8696845522990542)
Testing logNormal[M=-1.9173931836332603 S=0.06548025262428259].pdf(2.060792932866676)
Testing logNormal[M=-4.966860194296329 S=7.576205820883192].pdf(1.9097451504812917)
Testing logNormal[M=-4.742499875280409 S=9.08088100581709].pdf(0.25342392178296697)
Testing logNormal[M=-3.1120844172839215 S=4.805946200968995].pdf(1.6775887695999392)
Testing logNormal[M=2.004953565871932 S=2.075394119240299].pdf(0.827177395802966)
Testing logNormal[M=1.5807606880841485 S=7.814222765647132].pdf(1.6012061287746937)
Testing logNormal[M=2.259058047558703 S=3.5745482627347203].pdf(1.7799655439458522)
Testing logNormal[M=4.589397846759901 S=0.21816189930134566].pdf(0.09372493678844901)
Testing logNormal[M=4.087694881104717 S=7.719310780071744].pdf(0.7110567791987179)
Testing logNormal[M=2.2806005903297057 S=8.077468719313917].pdf(2.22687154128858)
Testing logNormal[M=0.9701523359136175 S=7.001032070272287].pdf(0.8182013755249348)
Testing logNormal[M=1.3597219272221057 S=6.776359889888593].pdf(1.5252378507091198)
Testing logNormal[M=-1.4617478032460096 S=6.1792011734708545].pdf(0.7888895650920531)
Testing logNormal[M=2.315007908815704 S=8.658164951037433].pdf(2.018733560771673)
Testing logNormal[M=-0.13825479970736687 S=4.747170573770818].pdf(2.0121829087344434)
Testing logNormal[M=-0.17492370894294673 S=1.2891516729544727].pdf(1.5918545339367307)
Testing logNormal[M=4.044448870161892 S=4.754623251418661].pdf(2.0485935104554636)
Testing logNormal[M=-3.940683403978027 S=2.027839234819262].pdf(0.8010918698704973)
Testing logNormal[M=-2.092892258842287 S=1.5335155541397638].pdf(0.39740034723827306)
Testing logNormal[M=2.518923717731746 S=1.7082039491150858].pdf(1.4010775260640849)
Testing logNormal[M=1.0066491165961562 S=2.681348609908568].pdf(1.045320394691128)
Testing logNormal[M=-0.1691455041213068 S=1.74437478085551].pdf(1.5900733544425993)
Testing logNormal[M=2.7314079535524893 S=1.081215034302927].pdf(1.1397631559623198)
Testing logNormal[M=2.8582491866572006 S=1.109520782868929].pdf(0.8757409318470559)
Testing logNormal[M=-0.672035078042656 S=5.775129407404357].pdf(1.038037773790106)
Testing logNormal[M=3.288384259637322 S=5.555067371761268].pdf(1.4406908608718372)
Testing logNormal[M=-2.0476700556366856 S=5.407814908392213].pdf(1.1790425703510885)
Testing logNormal[M=-1.7770653739539641 S=6.37164304949827].pdf(1.875837418550161)
Testing logNormal[M=3.085685459299711 S=4.739858624424028].pdf(0.5054606402381677)
Testing logNormal[M=-3.5614204942466388 S=7.372820918201141].pdf(2.0386470613924152)
Testing logNormal[M=-1.958392320828326 S=6.2402927392634755].pdf(1.9353710942797946)
Testing logNormal[M=4.955493806363183 S=1.3641730814254804].pdf(2.2543700788899894)
Testing logNormal[M=-4.911813242875027 S=1.2554954108006844].pdf(1.9813714234429518)
Testing logNormal[M=0.07099804763332518 S=0.24468507681050133].pdf(2.1830270244209857)
Testing logNormal[M=-1.286248920043811 S=2.1546163811033434].pdf(0.7558950391715415)
Testing logNormal[M=-3.7063094143917397 S=6.651846677422794].pdf(1.4766453832814677)
Testing logNormal[M=3.632569923535776 S=5.180078529709677].pdf(1.0332577602781494)
Testing logNormal[M=-2.772292223101682 S=0.21490401396237369].pdf(1.6302091845149678)
Testing logNormal[M=0.5762815916667758 S=4.750509489683915].pdf(2.181015887822959)
Testing logNormal[M=4.536589491300555 S=4.549411424980869].pdf(1.7154952825860763)
Testing logNormal[M=3.7137101261460863 S=7.513501147121459].pdf(2.2149530474179104)
Testing logNormal[M=-4.747597942216948 S=0.44687900140865655].pdf(1.0115698478199395)
Testing logNormal[M=-4.2545691521449855 S=8.587634193557017].pdf(1.5036319248512373)
Testing logNormal[M=-0.19839149288024238 S=6.165287563169917].pdf(0.6867931664084372)
Testing logNormal[M=4.082495427310214 S=4.572069178922655].pdf(1.3333382831670477)
Testing logNormal[M=1.897577372988236 S=6.8826444386077075].pdf(1.5713808447051354)
Testing logNormal[M=-0.6338240822427412 S=9.449758475454].pdf(1.4860899949357023)
Testing logNormal[M=3.5930010296945323 S=9.201581797168787].pdf(2.1912495641806005)
Testing logNormal[M=3.209065105232069 S=9.602799457375292].pdf(0.8319879910779917)
Testing logNormal[M=-1.7980302734626563 S=1.621153728438136].pdf(1.828283816349387)
Testing logNormal[M=0.34581391481895896 S=9.726244727676942].pdf(2.2141861205302438)
Testing logNormal[M=3.027579924059493 S=5.4337635014099295].pdf(0.9806267454568592)
Testing logNormal[M=-2.4284510752293977 S=9.618252247334025].pdf(2.1476284011224385)
Testing logNormal[M=-1.3684491292516086 S=1.3485800954533789].pdf(1.6700831869997705)
Testing logNormal[M=0.851191305505 S=4.578789416980674].pdf(2.2809424817958184)
Testing logNormal[M=1.8438957983932447 S=1.8217144214753167].pdf(2.065719146360078)
Testing logNormal[M=0.8509337205568714 S=2.656670446790966].pdf(1.8490797582221246)
Testing logNormal[M=1.3024958015779546 S=5.60743526792016].pdf(1.8940714697888104)
Testing logNormal[M=1.270739260124536 S=3.388976432668862].pdf(1.9568305116163829)
Testing logNormal[M=1.1542179474568854 S=3.903891866623627].pdf(1.1188345168343312)
Testing logNormal[M=3.8636986037921908 S=3.4264975597067604].pdf(1.5599550329081642)
Testing logNormal[M=2.1970588457766915 S=0.5284646334896781].pdf(1.1596550964341354)
Testing logNormal[M=2.245761405136001 S=9.771139263566194].pdf(0.49948397032675446)
Testing logNormal[M=-2.8701166462442416 S=0.06392896003309279].pdf(1.182907895437202)
Testing logNormal[M=1.3673967103769673 S=9.880870436524038].pdf(0.3461204336733749)
Testing logNormal[M=-2.834543881304712 S=7.23975275724986].pdf(1.9564341443487643)
Testing logNormal[M=-1.5937675089088943 S=0.07804095262928912].pdf(0.5058984620477718)
Testing logNormal[M=-3.661925219268074 S=8.061285214469866].pdf(1.8004161003492498)
Testing logNormal[M=-1.1843046579404337 S=3.507808315791573].pdf(1.1765980128763573)
Testing logNormal[M=2.444415218349957 S=3.4947270809583575].pdf(1.2364837306004635)
Testing logNormal[M=4.2751049108284604 S=9.655298031388579].pdf(0.8817033392632052)
Testing logNormal[M=-0.4353654041513879 S=7.255390523484438].pdf(1.7361257414358076)
Testing logNormal[M=-4.21596397004266 S=8.730556042479598].pdf(0.27703812627666957)
Testing logNormal[M=2.0212615728399053 S=1.9800285224315284].pdf(2.1361059526751354)
Testing logNormal[M=2.8301354185847503 S=1.8927864592495647].pdf(1.760073295231005)
Testing logNormal[M=4.67205517744233 S=6.966445745234773].pdf(0.7839532255199821)
Testing logNormal[M=1.0463660271068935 S=3.1251195328583736].pdf(2.095781607817636)
Testing logNormal[M=-2.938179308391086 S=0.1924925982521608].pdf(1.124691149962078)
Testing logNormal[M=-1.709691538720417 S=8.2029658178966].pdf(2.2049128156991498)
Testing logNormal[M=0.7584022281809926 S=3.918299559045045].pdf(1.5842372136535987)
Testing logNormal[M=-0.8424851272532132 S=4.877105710539691].pdf(2.1184608037422406)
Testing logNormal[M=-1.2126159956870275 S=1.1747833747583936].pdf(1.312872167571176)
Testing logNormal[M=-1.3591982437274641 S=5.268835172532512].pdf(1.8758250131471215)
Testing logNormal[M=2.5223911964691954 S=7.148051076786413].pdf(2.2285116505877687)
Testing logNormal[M=-3.466991479366641 S=6.210266988402683].pdf(2.0936470171310644)
Testing logNormal[M=-0.27642897540155964 S=3.273408707947488].pdf(0.6145616135793119)
Testing logNormal[M=3.27825784863942 S=1.791437855947553].pdf(1.8513067319094871)
Testing logNormal[M=4.938221624349946 S=5.5937082332568195].pdf(2.123468378412193)
Testing logNormal[M=2.0623735801862884 S=1.5792400114487315].pdf(1.8169822739651953)
Testing logNormal[M=-2.6410300899742865 S=2.7734379035136856].pdf(2.2440674657045285)
Testing logNormal[M=-0.7271096564501756 S=7.160160819626562].pdf(2.2315590299607795)
Testing logNormal[M=-2.4329543978219337 S=3.1681350271963584].pdf(1.8122237452567338)
Testing logNormal[M=-3.6191605552339556 S=3.303300350168813].pdf(1.9289703127513855)
Testing logNormal[M=4.370038953449374 S=1.589080763048304].pdf(2.133077622109741)
Testing logNormal[M=-4.861391853631131 S=2.018453243293137].pdf(1.6487114114543513)
Testing logNormal[M=0.6809773614669714 S=4.361223698959883].pdf(2.2419032845028117)
Testing logNormal[M=-1.2362266476133597 S=9.992565177517154].pdf(2.069507575007702)
Testing logNormal[M=-0.9246695332454378 S=4.68652934572844].pdf(0.7270890762923381)
Testing logNormal[M=3.245501434882378 S=4.932915038584607].pdf(1.358795451231774)
Testing logNormal[M=-1.3565379662133639 S=4.3637978343415575].pdf(1.0491864879569293)
Testing logNormal[M=-3.610703745537993 S=9.484006353217984].pdf(0.337136989436847)
Testing logNormal[M=3.436584289030849 S=8.567035165891957].pdf(1.7308680962265328)
Testing logNormal[M=-1.214453640835127 S=0.12071345135049927].pdf(0.15366123634206236)
Testing logNormal[M=-3.888475380231532 S=4.08098569587266].pdf(1.078181705004008)
Testing logNormal[M=1.8072981366453442 S=2.008141155627341].pdf(2.255454048677365)
Testing logNormal[M=-0.13753773151832682 S=9.621128501544169].pdf(0.5216031859286556)
Testing logNormal[M=-0.18885424709932597 S=5.590330731329411].pdf(0.8191121054002425)
Testing logNormal[M=4.849205424694944 S=5.034015385811202].pdf(2.1002856422821594)
Testing logNormal[M=-0.17269158686730357 S=8.338988330638704].pdf(1.4873477310139271)
Testing logNormal[M=1.998959024743697 S=8.650314933613316].pdf(2.243179005572097)
Testing logNormal[M=-0.24740473232841875 S=9.263634672703324].pdf(1.8230219659996743)
Testing logNormal[M=2.856289851168537 S=5.6469456448910265].pdf(1.9828674149362089)
Testing logNormal[M=3.298086405221378 S=8.618618890452058].pdf(2.1818443854338003)
Testing logNormal[M=1.938667034152333 S=3.420689707126725].pdf(1.0765930093726046)
Testing logNormal[M=4.742147516169023 S=2.069741740753991].pdf(1.5110064150452518)
Testing logNormal[M=1.7859979861676205 S=0.7185146177412582].pdf(1.3809441349323905)
Testing logNormal[M=-2.4064267292800325 S=6.051974892821867].pdf(1.9590416345810353)
Testing logNormal[M=-3.1359266718186687 S=2.144700407021368].pdf(1.1265915714673176)
Testing logNormal[M=1.6122552119074518 S=3.6044718151266384].pdf(2.2646567585801223)
Testing logNormal[M=2.2213638212471576 S=7.009762685061255].pdf(1.5740757553063085)
Testing logNormal[M=-4.5794391683403655 S=9.863432206175181].pdf(2.0006881799587335)
Testing logNormal[M=1.3889367040509724 S=7.229748461955573].pdf(1.7655109253635495)
Testing logNormal[M=4.874556424514971 S=8.304976947995579].pdf(1.2824635962907933)
Testing logNormal[M=-4.137882472780683 S=4.584962918025984].pdf(0.33268049552508716)
Testing logNormal[M=0.031246288372706488 S=4.358942025690945].pdf(1.0544449169516308)
Testing logNormal[M=-4.78033505160516 S=7.202803105582235].pdf(2.276015309564683)
Testing logNormal[M=1.514553500277792 S=6.139950127110193].pdf(1.7774055773517297)
Testing logNormal[M=4.24439464561093 S=8.062044604974536].pdf(2.3004333269760346)
Testing logNormal[M=-1.8195585706995567 S=5.897741679483853].pdf(2.032265391981468)
Testing logNormal[M=1.1307523018794283 S=0.10494399951879729].pdf(1.3801308117873)
Testing logNormal[M=-0.06080690667350819 S=2.851536729222998].pdf(1.8923884658360874)
Testing logNormal[M=1.0684539891959588 S=7.887631112848395].pdf(1.5174013477842359)
Testing logNormal[M=2.760956876829016 S=8.645834183248946].pdf(0.6152124180087816)
Testing logNormal[M=-2.524396059547996 S=4.533107795029264].pdf(0.8734867432011248)
Testing logNormal[M=0.9773577247453442 S=6.031435217104937].pdf(2.2794108625634837)
Testing logNormal[M=-1.4856493537351332 S=6.048448912283703].pdf(1.2710610740016326)
Testing logNormal[M=3.805337485392764 S=4.294646687453216].pdf(2.2740451295568045)
Testing logNormal[M=2.5225556772063795 S=9.127608936706352].pdf(1.7594151652626169)
Testing logNormal[M=-0.5364292370895543 S=1.0828280476832386].pdf(0.2014534314736006)
Testing logNormal[M=-4.456533385979952 S=9.417244914551212].pdf(1.2094524714534396)
Testing logNormal[M=-1.7436561462220448 S=0.4528277059564134].pdf(2.069150645006665)
Testing logNormal[M=4.530352361087539 S=2.6624810495966136].pdf(2.0175373242284262)
Testing logNormal[M=3.4687254752927537 S=0.5044926090921398].pdf(2.264576506242832)
Testing logNormal[M=-1.5973824648120427 S=7.386901916455382].pdf(2.2407672580742273)
Testing logNormal[M=3.982221835510698 S=6.112895451946301].pdf(1.6694844142273892)
Testing logNormal[M=-2.734597326240502 S=5.54724505740328].pdf(1.5923517846509492)
Testing logNormal[M=0.639303730523876 S=9.551978916869654].pdf(1.4441622074442788)
Testing logNormal[M=-4.677075513018064 S=6.463132081068803].pdf(1.4039304578266583)
Testing logNormal[M=1.9043866556131528 S=4.0975085190333305].pdf(1.1651748846545797)
Testing logNormal[M=1.7455920227287116 S=0.13471126809328382].pdf(1.8067777127087459)
Testing logNormal[M=0.1188618142875395 S=9.927546304206178].pdf(2.1331305315141673)
Testing logNormal[M=1.9413082454975363 S=6.2282163569548175].pdf(0.7016857713945625)
Testing logNormal[M=-3.3573082791191435 S=4.853573385673213].pdf(1.422849816650359)
Testing logNormal[M=0.520254595344527 S=7.523531398793044].pdf(0.5660305444489792)
Testing logNormal[M=-3.4509457322794725 S=5.30221225854993].pdf(1.7460019260198911)
Testing logNormal[M=-4.831574464278391 S=8.469368707162674].pdf(2.1769180150517777)
Testing logNormal[M=-0.3242435816863365 S=0.21864745350343218].pdf(1.4325378836174454)
Testing logNormal[M=-4.997446708324283 S=5.976027558330656].pdf(2.196804497753523)
Testing logNormal[M=2.5304190940850733 S=5.751661162653442].pdf(2.1920883200704493)
Testing logNormal[M=-1.2141607777890684 S=8.62225348253159].pdf(1.9796337776121653)
Testing logNormal[M=-3.8637360750600536 S=5.42649393165336].pdf(1.7383096392680966)
Testing logNormal[M=-0.827331037937876 S=4.967343334109858].pdf(2.2817414305705332)
Testing logNormal[M=4.751122135716345 S=2.5657327840710664].pdf(1.0033169692754196)
Testing logNormal[M=-2.64801326931813 S=1.914064676048588].pdf(1.3297865742036408)
Testing logNormal[M=-4.697662627459438 S=2.1924976358277815].pdf(0.42906822425311225)
Testing logNormal[M=0.7001011398026922 S=1.2336094514595974].pdf(0.3984601597679696)
Testing logNormal[M=-1.8210404833592833 S=0.06746414925104083].pdf(1.3681540440925493)
Testing logNormal[M=-2.354724749386139 S=9.036777956570702].pdf(2.1238760436273116)
Testing logNormal[M=-4.2852590468142076 S=5.006535210651304].pdf(1.6109986797448386)
Testing logNormal[M=-4.515462513728919 S=1.562077150711615].pdf(1.1145455897256011)
Testing logNormal[M=3.6739176557721542 S=0.16510102512554692].pdf(1.8295389322001192)
Testing logNormal[M=2.8228566229398844 S=2.8113031926062506].pdf(1.361766763640483)
Testing logNormal[M=3.26220781816842 S=9.374576080084644].pdf(0.4782992809807404)
Testing logNormal[M=0.9177135127936253 S=4.246846274601826].pdf(2.1430548554123003)
Testing logNormal[M=0.2506674220580365 S=3.7487769569049734].pdf(1.2771297446794938)
Testing logNormal[M=0.3949753351061167 S=4.200762873038554].pdf(1.1538745425268424)
Testing logNormal[M=0.7585456910111166 S=1.8640128773857378].pdf(2.1263874268044725)
Testing logNormal[M=-0.6756575324971328 S=2.8116332334597125].pdf(1.8256810399895675)
Testing logNormal[M=4.394841387462764 S=1.3292068228813136].pdf(1.83280187651282)
Testing logNormal[M=-2.5009263839899987 S=1.1575499662139488].pdf(2.175956463763535)
Testing logNormal[M=-2.7004388950994294 S=7.226923807689289].pdf(1.7669813853201806)
Testing logNormal[M=0.6979508916129245 S=4.021489927711441].pdf(2.1910793443650505)
Testing logNormal[M=1.5004915967111465 S=4.970840573084114].pdf(2.0424099974896497)
Testing logNormal[M=3.9508424359417322 S=4.658757554726325].pdf(0.8775803898280088)
Testing logNormal[M=2.536702885767923 S=9.167954366440297].pdf(1.0077791227585469)
Testing logNormal[M=1.717321770111985 S=9.862446941611353].pdf(1.784662124049882)
Testing logNormal[M=4.033673815161503 S=9.849160046823798].pdf(2.1429871276962027)
Testing logNormal[M=-1.1072746760134233 S=6.672699323109857].pdf(2.2902030854663096)
Testing logNormal[M=1.3708521937349305 S=0.9275514157073461].pdf(2.245341487114327)
Testing logNormal[M=-0.4090780262926872 S=2.440675646553924].pdf(2.086598967106003)
Testing logNormal[M=-3.109858605438877 S=1.5740659299510829].pdf(1.4917632569550574)
Testing logNormal[M=4.103501606257682 S=9.063152733045536].pdf(1.0621724836664657)
Testing logNormal[M=0.501711442773547 S=6.424559955254492].pdf(2.027400355837823)
Testing logNormal[M=2.5473132880867277 S=3.9429449231638625].pdf(1.908201115135541)
Testing logNormal[M=-0.09328362504241294 S=0.8096428404198364].pdf(0.8831736919451864)
Testing logNormal[M=-3.195689280423779 S=1.5550745988898917].pdf(1.4926982151675254)
Testing logNormal[M=0.15277250668515663 S=1.3052366956782557].pdf(2.1912451469817213)
Testing logNormal[M=-0.8741082732695249 S=7.003975552862528].pdf(2.090585318232422)
Testing logNormal[M=0.6177992645899453 S=6.699261271884762].pdf(1.0797168097080319)
Testing logNormal[M=3.746070110916108 S=2.5488092933621385].pdf(2.05233811724353)
Testing logNormal[M=2.58323724472716 S=3.5155944223088733].pdf(2.268620660882746)
Testing logNormal[M=4.1072235823254495 S=4.295236311918265].pdf(1.6946418691019427)
Testing logNormal[M=-1.3332123419569886 S=4.146218768031915].pdf(2.2387315575157363)
Testing logNormal[M=2.118166774612998 S=2.295215930248009].pdf(1.3848476483807033)
Testing logNormal[M=-0.6585258479757243 S=3.530716191752793].pdf(1.9998388141319012)
Testing logNormal[M=-3.8130302490091053 S=7.962381552019375].pdf(1.2372239751907268)
Testing logNormal[M=-2.3259830188771113 S=5.2895855166317745].pdf(1.809097937070102)
Testing logNormal[M=-2.426852696013616 S=5.296571195506182].pdf(0.21478101020801524)
Testing logNormal[M=-1.346644499748658 S=5.884857466738259].pdf(1.9448292177656281)
Testing logNormal[M=-2.6904059163576024 S=1.0486126638088533].pdf(1.1545630021936537)
Testing logNormal[M=1.7565749009949148 S=6.056516188419316].pdf(0.4619193800026467)
Testing logNormal[M=3.259623413176577 S=0.588027215757726].pdf(1.3553860134322089)
Testing logNormal[M=3.9067652734898832 S=5.102906462474122].pdf(1.8219782907857858)
Testing logNormal[M=3.827287138442033 S=2.2580112094628593].pdf(1.5991211290513336)
Testing logNormal[M=2.948503947443518 S=3.870109964211399].pdf(1.5764063414402416)
Testing logNormal[M=-4.270670481820044 S=4.257559042544208].pdf(0.5464058086558721)
Testing logNormal[M=4.370524852774663 S=8.531587565584012].pdf(0.7955062635945719)
Testing logNormal[M=-1.3989108117224456 S=9.305217662576549].pdf(1.9366351693722061)
Testing logNormal[M=1.431048153666957 S=5.505558176380755].pdf(1.786537373171357)
Testing logNormal[M=-2.5193757037959488 S=6.238990354994382].pdf(1.9822187378055127)
Testing logNormal[M=-4.779379030723323 S=2.5693808307656885].pdf(1.0128352959053795)
Testing logNormal[M=3.597369721956124 S=8.475777561139386].pdf(1.5552509872101625)
Testing logNormal[M=-3.2162397280472876 S=0.690637994703468].pdf(1.9072895916066765)
Testing logNormal[M=1.0740278267933547 S=8.628629860471511].pdf(2.1832193927568566)
Testing logNormal[M=-4.034304761301676 S=6.251229983095058].pdf(1.9418044794936953)
Testing logNormal[M=4.924093247915124 S=9.438613886714377].pdf(2.0279967422546727)
Testing logNormal[M=-3.863175934497077 S=2.05079264547782].pdf(1.9285631437160293)
Testing logNormal[M=0.15869279730236752 S=0.7356312464127701].pdf(1.8355968145283619)
Testing logNormal[M=1.3241138505617132 S=1.728214786595904].pdf(0.8845062227183239)
Testing logNormal[M=3.579188679157202 S=7.061080531383983].pdf(1.5153698512576048)
Testing logNormal[M=2.1732996160569673 S=2.721404589149995].pdf(2.09545746406683)
Testing logNormal[M=-4.351055049440262 S=5.005049923452964].pdf(1.9679207495506972)
Testing logNormal[M=4.737579942963485 S=0.792690751723939].pdf(1.785216289669498)
Testing logNormal[M=-1.6572548329281487 S=4.764251844877041].pdf(2.207673215799193)
Testing logNormal[M=1.7319855396480595 S=3.0601660317187274].pdf(2.043350800682019)
Testing logNormal[M=-3.574600454162499 S=0.09729643646438246].pdf(2.241630235554289)
Testing logNormal[M=-3.1529644533851253 S=4.757351652587154].pdf(1.9612358420039315)
Testing logNormal[M=-1.0367743477653613 S=8.124805739488949].pdf(1.388871294057229)
Testing logNormal[M=-1.131999324619505 S=0.7356933314201053].pdf(1.6286677275553618)
Testing logNormal[M=3.509665685333289 S=5.047985657078744].pdf(1.3929068991508835)
Testing logNormal[M=-2.416465976627049 S=6.5025397321269445].pdf(1.4558363183965157)
Testing logNormal[M=-4.161438670078137 S=8.59560116450011].pdf(0.17654625411613092)
Testing logNormal[M=-3.078357043476163 S=2.756007975669583].pdf(2.177547029488465)
Testing logNormal[M=3.8818275423379127 S=4.197144878315299].pdf(1.8686918772364423)
Testing logNormal[M=-0.1294986857787217 S=3.6677387987592667].pdf(1.4627317665656479)
Testing logNormal[M=-1.8515632917009794 S=5.43452854510854].pdf(0.7136689407475325)
Testing logNormal[M=-1.473113558102952 S=6.843426026666562].pdf(0.555193157247845)
Testing logNormal[M=-0.5475765069030754 S=3.7757863310211226].pdf(1.6932324308709217)
Testing logNormal[M=0.22188271275242233 S=7.874108161068233].pdf(2.2834053891644754)
Testing logNormal[M=-3.518710949734889 S=1.381141790684327].pdf(1.8983068849344826)
Testing logNormal[M=3.5056525917983823 S=2.498966962904725].pdf(2.110134233759622)
Testing logNormal[M=-1.2484036748425922 S=7.244059912284612].pdf(1.6861156184788912)
Testing logNormal[M=-2.201338387860239 S=2.6856405250117543].pdf(1.8727468630889654)
Testing logNormal[M=2.943128667562428 S=8.900485654324324].pdf(1.6293748109028792)
Testing logNormal[M=0.21486299314183643 S=4.27074495108955].pdf(2.071508478871764)
Testing logNormal[M=4.334434314290672 S=6.502007036725871].pdf(1.9863856881775095)
Testing logNormal[M=-4.285612482945082 S=5.001117380324224].pdf(1.923176551831305)
Testing logNormal[M=-3.0716603717652413 S=8.923488483273516].pdf(2.293436642765234)
Testing logNormal[M=4.015280803533642 S=7.340353296740727].pdf(2.012602688525831)
Testing logNormal[M=-3.779243092052136 S=5.824613919912816].pdf(0.2685605097732259)
Testing logNormal[M=-2.3039754571078253 S=0.8298565624904253].pdf(1.1969869521765681)
Testing logNormal[M=-1.7307318332097177 S=2.132582637192928].pdf(1.8034163649855937)
Testing logNormal[M=-0.3532669896948608 S=7.58228397120087].pdf(1.2708648916479854)
Testing logNormal[M=4.03398813034363 S=3.01279859317133].pdf(2.1963810302092517)
Testing logNormal[M=-4.841641994006581 S=2.7588694794343196].pdf(1.0765420997508037)
Testing logNormal[M=2.9248178224354815 S=0.4627204327700518].pdf(0.6154358546477133)
Testing logNormal[M=-3.0092704628120046 S=3.253114318647594].pdf(1.4456685332514836)
Testing logNormal[M=-3.4610413808328557 S=5.273075905841624].pdf(2.01281768257365)
Testing logNormal[M=2.003998239226009 S=6.740820982701601].pdf(1.6573132241368937)
Testing logNormal[M=2.2990013547325283 S=0.302297444341576].pdf(1.6884156654779428)
Testing logNormal[M=-0.3781166433893768 S=5.5815071918760095].pdf(1.9907467410963298)
Testing logNormal[M=3.1724972116265864 S=6.557658679226589].pdf(2.0439836828389137)
Testing logNormal[M=-3.4312976914248816 S=2.8357692619298716].pdf(2.1967808475655013)
Testing logNormal[M=3.156865046063883 S=9.280807494687306].pdf(2.2501742985103608)
Testing logNormal[M=4.218322479434011 S=7.688002638738455].pdf(1.9749269638462394)
Testing logNormal[M=-2.918823752933275 S=3.762331688457914].pdf(2.240436205265984)
Testing logNormal[M=0.37260223598977316 S=3.5311491782941284].pdf(1.1993334813152654)
Testing logNormal[M=1.3033416474581019 S=2.7126609352308293].pdf(1.7851736668703113)
Testing logNormal[M=4.489931427614222 S=9.742410380904602].pdf(1.117491942145699)
Testing logNormal[M=3.2966986558363125 S=6.402612965864733].pdf(2.2991152553620684)
Testing logNormal[M=0.8126925790785302 S=3.414041349814462].pdf(1.6033888451571714)
Testing logNormal[M=1.7801018059049936 S=8.860069671787667].pdf(0.9513294865875527)
Testing logNormal[M=1.6778727760967271 S=4.823255059032179].pdf(0.4703482030820003)
Testing logNormal[M=-0.41482378530829145 S=4.075717129185476].pdf(1.6948320596171318)
Testing logNormal[M=3.1044059317264256 S=3.2404398537144594].pdf(1.7523430470142503)
Testing logNormal[M=3.5580160743387736 S=6.278207886333702].pdf(2.035565286537735)
Testing logNormal[M=0.7331521442675619 S=9.423448575947019].pdf(2.1674590077485574)
Testing logNormal[M=3.850073662337513 S=5.444974940081774].pdf(1.7258121262814212)
Testing logNormal[M=-3.020840093706678 S=1.2600592762887075].pdf(2.005250798265613)
Testing logNormal[M=-4.447603096283615 S=5.46482489398813].pdf(1.632510175302011)
Testing logNormal[M=4.301030352433322 S=9.212760498392614].pdf(2.072452949038198)
Testing logNormal[M=0.3406627861363525 S=1.5308097177619684].pdf(1.5136569549796968)
Testing logNormal[M=-2.6028351251330473 S=1.3560335796399614].pdf(2.2441625981884235)
Testing logNormal[M=-2.084594474760708 S=1.5018935917104215].pdf(0.884338001578334)
Testing logNormal[M=-2.305727340730843 S=0.6411444656705989].pdf(1.924685583871035)
Testing logNormal[M=-0.9740024191883876 S=7.032901797798537].pdf(1.7249092192622204)
Testing logNormal[M=1.1660085811277954 S=7.717346337274096].pdf(1.9604357273411246)
Testing logNormal[M=-3.2760157402100964 S=2.3173377317639643].pdf(2.062828502028262)
Testing logNormal[M=-0.22276523830471184 S=9.301396664392806].pdf(1.1806833225598166)
Testing logNormal[M=2.9580034962676818 S=5.3375033203095255].pdf(1.4342290220741851)
Testing logNormal[M=-1.5530234146934996 S=2.4341279429584817].pdf(1.8037573097935802)
Testing logNormal[M=1.30047518549675 S=7.95244201352983].pdf(1.8406895448433875)
Testing logNormal[M=0.11821635559831645 S=0.9744823653169599].pdf(1.8703816148321215)
Testing logNormal[M=2.9846297217504265 S=7.116013976385847].pdf(2.144912204960153)
Testing logNormal[M=4.580413260868827 S=1.3448071869899025].pdf(1.2187954191318653)
Testing logNormal[M=-4.197873722118715 S=2.6427081608340286].pdf(2.263668713018356)
Testing logNormal[M=1.3886063563102589 S=6.26361113391788].pdf(1.484327105985605)
Testing logNormal[M=4.981432400650741 S=3.4703821067546334].pdf(1.3124974167155514)
Testing logNormal[M=-3.8801593132319145 S=0.24870007271043826].pdf(2.2279769564179115)
Testing logNormal[M=0.2848123100714268 S=3.2544132834012283].pdf(1.9321337831245229)
Testing logNormal[M=-1.9833207283662269 S=2.204745436503707].pdf(2.2869244730538743)
Testing logNormal[M=1.7315016872126066 S=5.3898311616353025].pdf(1.1463413507085412)
Testing logNormal[M=3.259203699558162 S=1.5467506610391268].pdf(1.9321678768025727)
Testing logNormal[M=3.2143382198552857 S=7.628501346589997].pdf(1.2543384455995876)
Testing logNormal[M=-4.883720762421771 S=1.9091885015367382].pdf(1.7429842339568569)
Testing logNormal[M=-1.024955616035017 S=9.094637078222977].pdf(2.0914265595536556)
Testing logNormal[M=4.855016123073792 S=4.130052309457323].pdf(1.8066473927478761)
Testing logNormal[M=-0.1686347147283973 S=7.572748998903162].pdf(1.8605088773508236)
Testing logNormal[M=3.7172920332372517 S=0.08361520155649171].pdf(1.5939953940265623)
Testing logNormal[M=4.648729126564707 S=9.874799723548142].pdf(1.379980028485265)
Testing logNormal[M=3.81742088528404 S=8.741326912702648].pdf(0.23406602856841527)
Testing logNormal[M=1.4190153261380711 S=1.5724870374395972].pdf(1.9514821305244576)
Testing logNormal[M=4.766073815589081 S=7.448034439762463].pdf(0.5164857762755101)
Testing logNormal[M=-4.938062165787923 S=3.5536567280886877].pdf(2.1399306641167715)
Testing logNormal[M=-0.7902600471653045 S=9.362765174037659].pdf(2.216543532690054)
Testing logNormal[M=-4.658576991494555 S=8.312125683426899].pdf(2.280105592843124)
Testing logNormal[M=3.1538453649386593 S=5.417444177974699].pdf(1.3767553313694187)
Testing logNormal[M=-1.1934930583979595 S=4.309959231088584].pdf(2.055387772963388)
Testing logNormal[M=1.4485116754298186 S=2.25668349909548].pdf(0.8278401039058099)
Testing logNormal[M=-3.4373779161688156 S=4.150159380470461].pdf(1.9060338976931401)
Testing logNormal[M=3.8765412413597478 S=8.098728787205143].pdf(1.8671106918664215)
Testing logNormal[M=2.652081906202665 S=7.5962736305362375].pdf(2.158738776582813)
Testing logNormal[M=-1.1417479326644764 S=8.081334536417778].pdf(0.9194348299702048)
Testing logNormal[M=-3.404066641108654 S=0.03492591075364815].pdf(1.8592497497540965)
Testing logNormal[M=-4.580443453715319 S=9.510721430059311].pdf(2.2371421128316835)
Testing logNormal[M=-4.980143966839272 S=6.483846713491555].pdf(1.7792615292884437)
Testing logNormal[M=-4.597238567417239 S=0.6662160084302171].pdf(2.097290732675244)
Testing logNormal[M=1.3098258529552513 S=2.903405096824824].pdf(0.6925971835300084)
Testing logNormal[M=4.186478275747437 S=0.38912177413565563].pdf(0.8754752764974968)
Testing logNormal[M=0.7230151056049792 S=8.751755753373704].pdf(1.9565116702273666)
Testing logNormal[M=4.660721621301477 S=5.3727799537681085].pdf(0.2018684352312705)
Testing logNormal[M=-4.917459090190402 S=0.1667737610377784].pdf(0.4197026278097905)
Testing logNormal[M=-2.7203899394425965 S=4.381621467083335].pdf(2.1637397823605937)
Testing logNormal[M=-4.606814355784769 S=1.3827555596595564].pdf(2.2660557511416233)
Testing logNormal[M=-2.110769764261172 S=3.3363729827765685].pdf(1.6729485270736577)
Testing logNormal[M=-0.5205028975138726 S=7.6615378979283335].pdf(1.8893286208587154)
Testing logNormal[M=-0.10659661487128513 S=8.13262163090571].pdf(0.8803019247049461)
Testing logNormal[M=-0.6543963065285716 S=2.408556598626239].pdf(2.1808849815056455)
Testing logNormal[M=1.6101312001133197 S=2.286588297990276].pdf(2.036037574135949)
Testing logNormal[M=-0.16992576577989738 S=9.258881522393324].pdf(2.229176247056772)
Testing logNormal[M=3.4804785818720863 S=6.7201761483257405].pdf(2.2007652428160096)
Testing logNormal[M=0.9888779016388591 S=7.920675760421857].pdf(1.9658453476498239)
Testing logNormal[M=3.943216522838366 S=3.2700619782950113].pdf(0.7438164084961821)
Testing logNormal[M=-0.5515352314029087 S=1.992866545156966].pdf(2.1082789335796526)
Testing logNormal[M=0.9752684564745886 S=9.382016764822609].pdf(2.1991930001554425)
Testing logNormal[M=-4.042803120029113 S=7.82200411451865].pdf(0.6547540341390249)
Testing logNormal[M=-1.7029387493207562 S=9.49041682694872].pdf(2.219251813440038)
Testing logNormal[M=-3.5842515288060173 S=5.792913289810121].pdf(1.4789286665561532)
Testing logNormal[M=-0.18249253543754484 S=7.411422107702491].pdf(2.283803407663361)
Testing logNormal[M=0.4196930594483197 S=0.9932467858605498].pdf(1.5575605854416843)
Testing logNormal[M=-1.9075707583372892 S=1.5874875892105156].pdf(1.8275806177383178)
Testing logNormal[M=2.7623754210562677 S=6.763682329149133].pdf(0.3267354983715412)
Testing logNormal[M=-0.8847507026454746 S=9.11843915946362].pdf(2.297723558931851)
Testing logNormal[M=1.1983779880000176 S=7.438000041186351].pdf(1.3224682918207267)
Testing logNormal[M=-2.041048051089367 S=5.861600507760551].pdf(0.5397777316841835)
Testing logNormal[M=1.1067555593711385 S=4.912712197850885].pdf(1.5385357035105716)
Testing logNormal[M=0.7168944329597506 S=9.696248436243325].pdf(1.9854130817138718)
Testing logNormal[M=4.026626737079846 S=9.201080488542223].pdf(2.146773638916211)
Testing logNormal[M=2.7490991438680012 S=3.400305815212581].pdf(0.9001062996129876)
Testing logNormal[M=1.8529984342589367 S=8.226864616990778].pdf(2.3004656940047608)
Testing logNormal[M=2.532833904518186 S=6.060563755787128].pdf(1.5948725904362429)
Testing logNormal[M=-0.639080596266643 S=6.9955816121130425].pdf(1.935244854950724)
Testing logNormal[M=-1.1627625667633437 S=2.980520134572754].pdf(1.5517297362071127)
Testing logNormal[M=1.1840516361150168 S=3.062434560593099].pdf(2.2239505831784676)
Testing logNormal[M=3.5773824952639277 S=5.146280876720116].pdf(1.2036620003424483)
Testing logNormal[M=4.942723442290228 S=7.919356411799713].pdf(1.4599122268897027)
Testing logNormal[M=0.005802710737628836 S=6.977818764860673].pdf(1.424006268479192)
Testing logNormal[M=3.2728200538524135 S=5.480751628729527].pdf(2.11962386548481)
Testing logNormal[M=-0.5071328959871968 S=1.5043578640956756].pdf(0.861647442759766)
Testing logNormal[M=-0.20881267197670184 S=9.878381121310396].pdf(1.8236286406208533)
Testing logNormal[M=4.1612469043692215 S=3.6758400158230033].pdf(0.9010661514295983)
Testing logNormal[M=-1.239476158557812 S=9.98765101452025].pdf(1.7278674836439318)
Testing logNormal[M=-0.43566339568894286 S=7.1434865748819565].pdf(1.0984313179033356)
Testing logNormal[M=-3.9696348464803943 S=5.013393857076456].pdf(1.627185075411754)
Testing logNormal[M=0.7633695766008097 S=9.098503134816964].pdf(1.640301553257498)
Testing logNormal[M=-2.3779177353310086 S=1.2786278005785134].pdf(0.18584278089943876)
Testing logNormal[M=-4.743121009684254 S=6.645625875065618].pdf(2.1772964464132785)
Testing logNormal[M=2.5960297973988835 S=2.5113193113312473].pdf(0.5428457522799168)
Testing logNormal[M=0.21064652720114374 S=6.6347153819093565].pdf(2.1799714866050794)
Testing logNormal[M=1.4676562740728416 S=7.207397530537855].pdf(1.8863611548409598)
Testing logNormal[M=-0.500408686101153 S=5.63361293808779].pdf(1.9169211829250976)
Testing logNormal[M=-4.907070446250611 S=5.432015318778238].pdf(1.209786411001768)
Testing logNormal[M=3.032046091958854 S=8.047541484271221].pdf(0.9977052437363638)
Testing logNormal[M=-0.28795782790964175 S=8.122124122891641].pdf(1.6706034749615208)
Testing logNormal[M=4.493052518310854 S=4.472357188005822].pdf(2.16121055807417)
Testing logNormal[M=2.9193358040555495 S=7.065657102485096].pdf(2.0041420696283687)
Testing logNormal[M=1.7355554234514168 S=7.520750123380187].pdf(0.819472458806483)
Testing logNormal[M=-2.1842634358835724 S=5.259784395212747].pdf(1.882985231174769)
Testing logNormal[M=-1.5418693203124945 S=1.1450747006578266].pdf(2.0443843975194635)
Testing logNormal[M=-4.812239455669998 S=8.313403409296665].pdf(1.7481535206390888)
Testing logNormal[M=2.5192584101748015 S=0.676880607558521].pdf(2.1304683671676545)
Testing logNormal[M=-2.3665305431575847 S=8.678473451925704].pdf(2.1098668849923565)
Testing logNormal[M=0.6499895501567661 S=7.552963817990335].pdf(0.6762838577032964)
Testing logNormal[M=-2.172032520828439 S=2.1051488876323763].pdf(2.0761459114834624)
Testing logNormal[M=0.7152629892307534 S=0.9431896650373728].pdf(2.039145594083841)
Testing logNormal[M=1.4265575445522316 S=9.987427969038707].pdf(0.1023643166297743)
Testing logNormal[M=2.1475187887256464 S=2.1137610936856364].pdf(2.0431395349710506)
Testing logNormal[M=-2.130239743251452 S=2.805081698979417].pdf(1.814244498017349)
Testing logNormal[M=-4.898335058400516 S=7.502395477679171].pdf(2.2596343159377565)
Testing logNormal[M=-3.342654567998501 S=9.043850384025255].pdf(2.2764421847967493)
Testing logNormal[M=-2.8479410276531625 S=9.718171566229966].pdf(2.046324680156527)
Testing logNormal[M=2.2143903378284078 S=1.2830684411026416].pdf(0.9989452585833284)
Testing logNormal[M=-3.0558831933383566 S=9.696409493482022].pdf(2.2491211863733023)
Testing logNormal[M=2.187015775714488 S=9.679226954550128].pdf(1.1780939605972487)
Testing logNormal[M=-1.8871376741161217 S=5.073244708472904].pdf(2.10527511669064)
Testing logNormal[M=4.406239072025869 S=9.524549203919399].pdf(1.766773025668866)
Testing logNormal[M=-1.1305695494684729 S=3.2113472189108503].pdf(1.9998891023121808)
Testing logNormal[M=1.4570251577260187 S=6.321408489760858].pdf(1.8634807655274401)
Testing logNormal[M=3.575988008042142 S=1.1948601276017867].pdf(2.084424032013186)
Testing logNormal[M=2.6146653297372495 S=3.84258072643364].pdf(1.8141723123532127)
Testing logNormal[M=1.3641654386944824 S=3.38431322940047].pdf(2.2294674504442757)
Testing logNormal[M=-2.898724042302759 S=3.433068899576628].pdf(2.2650193634047397)
Testing logNormal[M=4.215349871308213 S=8.66235832456049].pdf(0.039523641147207945)
Testing logNormal[M=-3.458490060056457 S=5.677146598441942].pdf(0.98949532698612)
Testing logNormal[M=0.23327560464457875 S=3.2195118578172].pdf(1.0347071044763525)
Testing logNormal[M=-1.8371475682997849 S=2.6491058611867535].pdf(1.1495384798055293)
Testing logNormal[M=4.877181407581364 S=8.139640990380078].pdf(1.2690152589022354)
Testing logNormal[M=-1.9617204801060497 S=2.246607640942817].pdf(2.2318358181071547)
Testing logNormal[M=2.052348552140664 S=6.255160098911519].pdf(0.8232964136522444)
Testing logNormal[M=1.3061566880994206 S=2.3819137414018243].pdf(2.0349237762410195)
Testing logNormal[M=0.9803409789978224 S=0.6238269615987613].pdf(2.2154418936177622)
Testing logNormal[M=-4.21456065204144 S=5.809502408116327].pdf(0.9593612030173188)
Testing logNormal[M=-1.58912374197436 S=1.2487453891862255].pdf(2.2410266850192766)
Testing logNormal[M=1.4186621685955796 S=6.0805454766852645].pdf(1.296931088298181)
Testing logNormal[M=-1.3129157056242535 S=4.805565266646053].pdf(0.6317973528465662)
Testing logNormal[M=-2.287305719671288 S=7.305429286345274].pdf(2.17906697530563)
Testing logNormal[M=-0.4730331201356641 S=3.5040621083344146].pdf(0.10980690143361821)
Testing logNormal[M=4.243420309921538 S=0.7843057239709073].pdf(0.994428402490287)
Testing logNormal[M=3.9272652530192946 S=9.295024594000894].pdf(2.1578624593423887)
Testing logNormal[M=3.00123630315297 S=4.155088969900711].pdf(2.008243177672679)
Testing logNormal[M=-0.25572391186953514 S=5.795139514540644].pdf(2.2332810115570743)
Testing logNormal[M=-1.7315146105916615 S=1.8186236997000627].pdf(1.6603324147616252)
Testing logNormal[M=-2.7596290578254914 S=1.4857686725138586].pdf(2.2272802736001385)
Testing logNormal[M=-3.532161002146271 S=6.126607386725107].pdf(0.3737916559422238)
Testing logNormal[M=3.0621431789274123 S=5.898534305406981].pdf(2.110191200275627)
Testing logNormal[M=4.406732923220941 S=1.1220469549652345].pdf(1.1620310475381905)
Testing logNormal[M=-1.8154261338304534 S=1.9767891677728922].pdf(2.169796759676502)
Testing logNormal[M=2.1214036654010746 S=8.66898454588522].pdf(2.1180540961745704)
Testing logNormal[M=-3.5464513069970414 S=1.3611200321194294].pdf(1.0836612968422454)
Testing logNormal[M=-3.274040795696518 S=5.847956294974526].pdf(1.6543939678842339)
Testing logNormal[M=-1.3499902926815754 S=6.564108907190422].pdf(0.30998976792873767)
Testing logNormal[M=4.36109775973256 S=9.707392358789292].pdf(2.126811805819198)
Testing logNormal[M=2.727357672350954 S=1.5532848985187153].pdf(2.2567685402123843)
Testing logNormal[M=0.2825283107012675 S=7.79058105556085].pdf(1.7691094751597634)
Testing logNormal[M=1.5916587397209172 S=7.852060992864453].pdf(1.443900291976365)
Testing logNormal[M=1.6696831735063045 S=4.642607468100348].pdf(1.444063681519185)
Testing logNormal[M=0.8719534753026341 S=9.967747318342232].pdf(2.1724383278697172)
Testing logNormal[M=-3.7660584220274265 S=5.058509084257977].pdf(2.005298006451646)
Testing logNormal[M=2.1648015926686863 S=7.573950124216669].pdf(1.903314875560972)
Testing logNormal[M=3.5888170791052936 S=9.698419803059766].pdf(1.9910647964081054)
Testing logNormal[M=3.055203518902955 S=0.23935386907341982].pdf(2.0318963446859977)
Testing logNormal[M=-4.849409848396275 S=7.461047867166294].pdf(0.890295630920265)
Testing logNormal[M=-1.2976359102300918 S=1.2584960564103942].pdf(1.5449470920336839)
Testing logNormal[M=2.9985385990606623 S=3.9321310094714947].pdf(1.845595165790607)
Testing logNormal[M=3.9285709233041857 S=8.970014142602045].pdf(2.1368319080415805)
Testing logNormal[M=-1.6190342257838153 S=8.136051065947711].pdf(2.221225476561127)
Testing logNormal[M=-4.4875625984424685 S=7.402931801038807].pdf(1.1364961121185595)
Testing logNormal[M=3.123786743460027 S=0.9505085468512409].pdf(1.389959149597788)
Testing logNormal[M=-0.5640869301963658 S=9.772118153319152].pdf(1.1892887610193865)
Testing logNormal[M=-2.0534550054566236 S=7.842493592087639].pdf(2.278567016520035)
Testing logNormal[M=-3.6138900118190556 S=4.7343138513104845].pdf(1.540327963972006)
Testing logNormal[M=4.531461457760642 S=2.434504317046212].pdf(1.9487749329631376)
Testing logNormal[M=-3.4962544791599717 S=7.873157679946921].pdf(0.2738456749334687)
Testing logNormal[M=-3.1278848242816726 S=2.3294471567419484].pdf(1.9284728106998938)
Testing logNormal[M=1.4476825196033012 S=9.300829339942528].pdf(1.315193592675218)
Testing logNormal[M=1.5789680643284898 S=8.062523399520298].pdf(2.2710943305107087)
Testing logNormal[M=1.4389850413283423 S=3.042398721885143].pdf(1.5260994551794997)
Testing logNormal[M=4.613469931518853 S=2.8102999991252564].pdf(2.219004124691356)
Testing logNormal[M=-0.6382519298155369 S=0.8890568308897029].pdf(1.7595952695552317)
Testing logNormal[M=-1.3746393753542607 S=6.084695680837202].pdf(1.0055308311322182)
Testing logNormal[M=-2.7271397262497588 S=3.704720625196366].pdf(0.269504806819001)
Testing logNormal[M=-2.4595134797587126 S=5.939112792969574].pdf(2.00923955063109)
Testing logNormal[M=-0.6077062082270608 S=8.943834399694772].pdf(1.8336208642970042)
Testing logNormal[M=2.2569062815872662 S=3.2892218339707413].pdf(1.9878887073546747)
Testing logNormal[M=-1.3217140895365667 S=5.566233026364448].pdf(1.086019037129496)
Testing logNormal[M=0.26702882317708987 S=3.9689179830650687].pdf(0.9981165111303413)
Testing logNormal[M=-2.216576534344873 S=2.3340762514323754].pdf(1.9861992169647733)
Testing logNormal[M=-1.1216483859717306 S=9.450632697175744].pdf(1.9041976676029775)
Testing logNormal[M=-0.07044494227070253 S=1.6318122184079698].pdf(2.109031727778632)
Testing logNormal[M=3.6793720842722664 S=1.3912354191082676].pdf(0.9579277573833215)
Testing logNormal[M=0.6231251398576374 S=7.585261594272989].pdf(1.8502036829112256)
Testing logNormal[M=0.6680754243823994 S=4.006284449147593].pdf(1.2271585524882445)
Testing logNormal[M=-2.111497508695459 S=1.3676164081748687].pdf(0.8311879230145914)
Testing logNormal[M=-1.2451575119274647 S=1.8319622507399391].pdf(0.7935750063439503)
Testing logNormal[M=3.315209461257206 S=5.668306492705767].pdf(0.5814849315977673)
Testing logNormal[M=-2.658660105723032 S=8.994789381118496].pdf(1.7895149387644556)
Testing logNormal[M=2.4016407573544765 S=0.7836848430814758].pdf(1.7356512273911944)
Testing logNormal[M=-2.697868096337712 S=6.772914263590523].pdf(1.0746095772513429)
Testing logNormal[M=4.221894554036563 S=8.063268797357098].pdf(1.7827623545566151)
Testing logNormal[M=-2.6366576925019403 S=4.075968124044258].pdf(2.1103909216294756)
Testing logNormal[M=-3.2579502235230837 S=6.454238136029222].pdf(1.1779982543694931)
Testing logNormal[M=0.4655056577285528 S=0.812283414800925].pdf(1.6184298409461402)
Testing logNormal[M=-4.866353190037643 S=3.167382316364561].pdf(2.2670262819280484)
Testing logNormal[M=-1.6899213662430714 S=0.14814984309398094].pdf(1.0277607071300674)
Testing logNormal[M=4.486960663975545 S=7.9901740242928785].pdf(2.094260626097483)
Testing logNormal[M=3.0398374181456376 S=6.906393778886298].pdf(0.9769923715512607)
Testing logNormal[M=-0.4667344037940371 S=8.862068569657705].pdf(1.5789949143875184)
Testing logNormal[M=-4.3908056490334815 S=5.1817318700647705].pdf(1.7850786341754128)
Testing logNormal[M=0.24763006501491525 S=0.8130931667648555].pdf(1.286018038820497)
Testing logNormal[M=-3.694775093368893 S=6.7549908290729554].pdf(2.087397449332772)
Testing logNormal[M=4.687234167392408 S=1.7200117713537888].pdf(1.1599187535832116)
Testing logNormal[M=-3.7210503443254606 S=5.297450861753673].pdf(0.4917748414287612)
Testing logNormal[M=0.6872895875553819 S=1.6361483820334821].pdf(1.4936786411862846)
Testing logNormal[M=4.857114040852151 S=1.1611406795305934].pdf(1.073787664803784)
Testing logNormal[M=1.3367928089361332 S=4.898549226331287].pdf(2.1604560492072173)
Testing logNormal[M=0.5239609798519593 S=7.078424277650033].pdf(2.236410552906509)
Testing logNormal[M=-0.09938291329329019 S=8.624914148916204].pdf(2.291066255574959)
Testing logNormal[M=0.6508092719813243 S=8.419426229400658].pdf(2.1588252703461444)
Testing logNormal[M=4.270274330111972 S=0.020002876909095413].pdf(1.4432045448643482)
Testing logNormal[M=2.5965631498948234 S=9.800582691071838].pdf(2.1393019490422365)
Testing logNormal[M=4.115337398894379 S=9.728307415073829].pdf(0.11469601886440185)
Testing logNormal[M=1.7032025934907145 S=5.0347217359901215].pdf(0.7769241648543475)
Testing logNormal[M=-2.9642381714382084 S=0.9655526915274704].pdf(1.860544803722312)
Testing logNormal[M=-0.751748363820079 S=2.3882348115218788].pdf(1.7943597673219795)
Testing logNormal[M=-3.9631563580494964 S=1.4063996353015251].pdf(1.3225420272928483)
Testing logNormal[M=3.571115881896775 S=3.143417580237764].pdf(2.019814663505624)
Testing logNormal[M=1.5425367752894132 S=1.6557173870391717].pdf(2.117675690091494)
Testing logNormal[M=3.9616126683608535 S=2.196562488409095].pdf(1.188629454393412)
Testing logNormal[M=-2.9674451584157637 S=2.898236720554539].pdf(1.8874637064741153)
Testing logNormal[M=1.7260932920961336 S=7.320834110807628].pdf(1.8333491192731468)
Testing logNormal[M=-1.176285774731518 S=1.7624146651943473].pdf(2.2035456840800114)
Testing logNormal[M=1.4100836585429564 S=5.853039000688948].pdf(1.5198214936259704)
Testing logNormal[M=3.699732829700208 S=8.824814345423157].pdf(1.223508699032678)
Testing logNormal[M=0.6707608912313283 S=0.9738969382410945].pdf(2.001232674368242)
Testing logNormal[M=2.6403859535881047 S=4.117938503997529].pdf(2.0750840247107267)
Testing logNormal[M=2.7884325878567857 S=2.4628532291687266].pdf(2.058527130813018)
Testing logNormal[M=1.9287829051609418 S=8.252448841015658].pdf(1.52591309314434)
Testing logNormal[M=-3.190435445411708 S=7.043531136180965].pdf(1.351271813811598)
Testing logNormal[M=2.6504814387544426 S=2.6576562285180927].pdf(1.5818609708654932)
Testing logNormal[M=0.7833777350158115 S=5.4947315060413615].pdf(1.7195599209380474)
Testing logNormal[M=0.010548777070239268 S=6.526240701979241].pdf(1.0193703289657736)
Testing logNormal[M=-2.275486220698401 S=3.9789933335081784].pdf(1.4726761226436573)
Testing logNormal[M=-4.844436367100231 S=3.628170239098154].pdf(1.3175680666501566)
Testing logNormal[M=-1.6436951732625915 S=9.08339847327322].pdf(1.293128634241748)
Testing logNormal[M=-4.0700919608211015 S=7.443070357766781].pdf(1.6914483960562965)
Testing logNormal[M=-2.654107172851842 S=1.913746525071116].pdf(1.5496043557487686)
Testing logNormal[M=4.148536403321332 S=4.112432190814543].pdf(0.18983434579208508)
Testing logNormal[M=3.0678260887652637 S=4.958941166953937].pdf(1.3282029083523272)
Testing logNormal[M=-3.834180219530545 S=4.838654762544955].pdf(1.0417676091206602)
Testing logNormal[M=4.368871657291745 S=8.045656968953718].pdf(0.9584009806577184)
Testing logNormal[M=-1.6202199232731251 S=9.169538791103356].pdf(0.7300162709995486)
Testing logNormal[M=4.575110818195068 S=7.542332369849365].pdf(2.2115388187142617)
Testing logNormal[M=1.3658755183881075 S=2.5465675602231865].pdf(1.0225162849768052)
Testing logNormal[M=-1.8754353242436137 S=3.4696859924186363].pdf(2.193059786221228)
Testing logNormal[M=-4.32848248216602 S=9.492737315847357].pdf(1.9325609811459452)
Testing logNormal[M=-1.7969955208096344 S=3.400284951167042].pdf(2.22495137540283)
Testing logNormal[M=3.260767006217751 S=1.818225161815058].pdf(2.1987935162773478)
Testing logNormal[M=-4.360620133798992 S=2.916401815707249].pdf(2.0441677239624902)
Testing logNormal[M=4.994778468931717 S=7.300812981494184].pdf(2.2027232327696926)
Testing logNormal[M=-1.0815186984811564 S=4.940394201118473].pdf(0.28238315384485113)
Testing logNormal[M=2.057515081256792 S=1.5000963764323105].pdf(2.1240481630798453)
Testing logNormal[M=3.098536832647415 S=0.2547867963863071].pdf(1.7519426669434957)
Testing logNormal[M=-3.8288891905125277 S=8.70843878238554].pdf(2.043432516743257)
Testing logNormal[M=-3.0958882610686125 S=0.5734282195046225].pdf(2.1639721271125354)
Testing logNormal[M=-0.09926061899473027 S=6.858071561765044].pdf(1.9630512358694652)
Testing logNormal[M=-3.7208188624585627 S=7.763802857307854].pdf(1.0634075626837058)
Testing logNormal[M=0.7430229447577839 S=8.168734947445994].pdf(1.8225781300034458)
Testing logNormal[M=1.763269099207827 S=8.595203935293936].pdf(2.183677655937118)
Testing logNormal[M=3.058784569332328 S=0.5049151504402427].pdf(1.818436234771451)
Testing logNormal[M=-0.5942734464251878 S=6.353606427886678].pdf(0.06958969976955862)
Testing logNormal[M=-3.1374760572756486 S=3.7512962462496624].pdf(0.4605602971557675)
Testing logNormal[M=-3.1690620931693236 S=5.204319312234524].pdf(1.8578861942421714)
Testing logNormal[M=-4.014601799843023 S=3.279608322694658].pdf(2.223603864285004)
Testing logNormal[M=4.9551888769264 S=7.138335664059138].pdf(1.9450663420845489)
Testing logNormal[M=4.630356855298775 S=6.034881602999048].pdf(1.7322337832788142)
Testing logNormal[M=0.2581454098852003 S=9.970217044212026].pdf(2.157294348822382)
Testing logNormal[M=4.6229142912009245 S=2.8322886560302662].pdf(1.543658691012473)
Testing logNormal[M=4.130854026890473 S=5.965852332370874].pdf(2.098560278364661)
Testing logNormal[M=-1.2167501385040613 S=4.149406479467764].pdf(0.9703920832261878)
Testing logNormal[M=-3.772926102583413 S=8.345217300045263].pdf(1.934203234588647)
Testing logNormal[M=1.488365017325263 S=5.575759508233857].pdf(1.9593379197821954)
Testing logNormal[M=2.578942500018079 S=3.5599424989540585].pdf(2.2016440520658875)
Testing logNormal[M=-3.5543462937528227 S=3.545767384326769].pdf(2.256322452157946)
Testing logNormal[M=2.023343957310379 S=0.3774530363529527].pdf(2.0031826728949875)
Testing logNormal[M=1.4574917126365703 S=7.533528382598616].pdf(2.1465584026499234)
Testing logNormal[M=1.3284330743684523 S=3.237605117092496].pdf(1.6435355669180574)
Testing logNormal[M=-0.46213972254465574 S=1.4882082903185878].pdf(1.8686907317108383)
Testing logNormal[M=1.860780046085181 S=3.0662317966311003].pdf(1.6926815525166505)
Testing logNormal[M=-4.744426424352197 S=9.017839107326433].pdf(1.1057876097958221)
Testing logNormal[M=-2.3983118465392286 S=7.500189787741453].pdf(2.045615485283385)
Testing logNormal[M=3.458662442265098 S=5.272407678061426].pdf(2.1414877453710512)
Testing logNormal[M=-3.315573153769665 S=6.163897917510077].pdf(1.1604529973748496)
Testing logNormal[M=2.4190253278952953 S=8.315220753659354].pdf(1.7082954607319538)
Testing logNormal[M=-2.7987826800683724 S=5.34866524324944].pdf(1.201202154767421)
Testing logNormal[M=-0.5212186466750746 S=7.760919136994829].pdf(0.8548496110812481)
Testing logNormal[M=-1.7995054792814589 S=2.991079776836764].pdf(1.8664399866159893)
Testing logNormal[M=-3.312626570875019 S=8.190651292948019].pdf(1.0199687751771938)
Testing logNormal[M=-0.9541125801286787 S=1.1685863780577155].pdf(2.2207950838731225)
Testing logNormal[M=-4.967936417589875 S=3.2732628902382475].pdf(2.12834340818735)
Testing logNormal[M=-4.383115559666363 S=4.329213137705642].pdf(2.260942915983716)
Testing logNormal[M=4.25543974795303 S=4.576902682710612].pdf(1.7241841327245857)
Testing logNormal[M=0.22524899457781622 S=4.948771858780832].pdf(0.11242788086162561)
Testing logNormal[M=2.2455275513977195 S=5.96896552988249].pdf(1.166716131825212)
Testing logNormal[M=0.8853885151516625 S=1.4563754512222982].pdf(0.820815929719014)
Testing logNormal[M=-1.6800249716099036 S=1.821422058882577].pdf(2.2990705183055073)
Testing logNormal[M=-3.362589994884959 S=9.992481380288181].pdf(1.36938839833897)
Testing logNormal[M=-4.757586180604187 S=5.884448542593245].pdf(0.30162043988794984)
Testing logNormal[M=3.522140972062779 S=5.919845854341881].pdf(2.2271114467745856)
Testing logNormal[M=2.0453366995904574 S=5.476575849258439].pdf(0.8413761932270818)
Testing logNormal[M=0.6279155443914499 S=3.3158632071423453].pdf(2.057137516853016)
Testing logNormal[M=3.63427523287495 S=2.157245027207366].pdf(1.8499963882469392)
Testing logNormal[M=-0.36125116841777505 S=0.6559039491036045].pdf(1.8358793126612503)
Testing logNormal[M=-2.990919980586665 S=4.240606124778948].pdf(1.5318750472176779)
Testing logNormal[M=1.211976032312383 S=7.188212171165615].pdf(2.086601828321317)
Testing logNormal[M=-2.9505937817745718 S=6.978200917407488].pdf(2.1218935220108297)
Testing logNormal[M=4.091249712879128 S=6.198191364078505].pdf(1.8984336939801978)
Testing logNormal[M=2.0183414421229875 S=7.570837783534742].pdf(1.5683903783438176)
Testing logNormal[M=-3.226322293843137 S=2.7430575674611877].pdf(2.144299854581703)
Testing logNormal[M=-0.4722489614190568 S=9.70996976791949].pdf(2.2443483295807733)
Testing logNormal[M=-2.73658592518648 S=6.663866338327863].pdf(2.081961477653867)
Testing logNormal[M=2.717148072728291 S=8.019694370043986].pdf(0.9698660198318186)
Testing logNormal[M=-7.275752874482677E-4 S=5.891402878120816].pdf(2.1637862519617044)
Testing logNormal[M=-3.8820886955589664 S=8.807950986798616].pdf(0.08428383918545296)
Testing logNormal[M=-1.9279275187104128 S=3.407727510812286].pdf(1.999283042042176)
Testing logNormal[M=-3.808849046140148 S=3.310180974939475].pdf(1.8788223954569665)
Testing logNormal[M=-2.6000821380458463 S=4.108302248215498].pdf(1.937949390891237)
Testing logNormal[M=1.5693740819770339 S=8.20084699209888].pdf(1.1110382241926406)
Testing logNormal[M=-0.7577806807371861 S=0.4820976823427836].pdf(1.796123617162902)
Testing logNormal[M=0.6014614087440497 S=2.6711171790047494].pdf(2.1352871295222102)
Testing logNormal[M=4.051150344672488 S=4.801230910588923].pdf(1.957828943406098)
Testing logNormal[M=3.8764913934325698 S=3.72544894541785].pdf(1.5456909521959912)
Testing logNormal[M=1.151180128543638 S=1.2915308280224191].pdf(1.0992365425978063)
Testing logNormal[M=2.5666041208383827 S=3.351508255720508].pdf(1.3048498309373784)
Testing logNormal[M=4.143233407524814 S=4.7204389451226305].pdf(1.969401046704958)
Testing logNormal[M=2.1615796733482213 S=9.809127516994625].pdf(1.5863584676702955)
Testing logNormal[M=-3.30143856479024 S=3.113153479887114].pdf(2.140795438097541)
Testing logNormal[M=0.8167405695265479 S=9.149327333748468].pdf(1.3794605185977373)
Testing logNormal[M=-0.04258070666881686 S=1.3143569925590204].pdf(2.0101862395945957)
Testing logNormal[M=-3.096901862863679 S=6.870977545798661].pdf(0.02053869806871123)
Testing logNormal[M=4.275421854977958 S=4.479541133988761].pdf(0.8712790364657366)
Testing logNormal[M=4.5042228333077325 S=6.335827217123544].pdf(1.6256781037554173)
Testing logNormal[M=-0.42248319051261785 S=7.863434021309274].pdf(1.3680572126976858)
Testing logNormal[M=2.857067522615112 S=7.374714550469719].pdf(0.9864179616719698)
Testing logNormal[M=2.8977219147819175 S=1.5024198238311137].pdf(0.04048553855685535)
Testing logNormal[M=1.7451168852148324 S=4.799894980050641].pdf(1.4995452894207513)
Testing logNormal[M=-4.811905492935747 S=1.907686323331409].pdf(2.2061780526063637)
Testing logNormal[M=4.430926735859217 S=6.461818988832034].pdf(1.6412391299660511)
Testing logNormal[M=-0.6193356442000084 S=6.259339746703109].pdf(2.207198193009941)
Testing logNormal[M=1.1589040371942794 S=9.754465208281783].pdf(1.912770529448903)
Testing logNormal[M=-2.503370409239988 S=7.2470428272540035].pdf(2.1083741627896853)
Testing logNormal[M=-1.9602483876857333 S=0.2961853795944036].pdf(1.3736064713037115)
Testing logNormal[M=-2.556494742259021 S=2.3179484538514075].pdf(1.880340300211399)
Testing logNormal[M=-2.703404409866571 S=0.7021140929686931].pdf(1.9238768818415386)
Testing logNormal[M=-0.7242178493593538 S=6.488901718457538].pdf(2.281338228145197)
Testing logNormal[M=1.9611199128232695 S=2.477245013631497].pdf(1.4992001888921314)
Testing logNormal[M=2.51007788959242 S=7.039329797021848].pdf(0.6839867364390606)
Testing logNormal[M=-2.4872445991638292 S=9.548733656601721].pdf(1.8460441360181057)
Testing logNormal[M=-0.5135353457506984 S=4.031742991605247].pdf(2.265660603772921)
Testing logNormal[M=-2.9891692247683177 S=9.538766804040836].pdf(0.2076862207711119)
Testing logNormal[M=-1.0560132453710747 S=4.437161802631674].pdf(1.2850523092613557)
Testing logNormal[M=-4.19251028061558 S=3.735231726399312].pdf(1.9465295138681964)
Testing logNormal[M=-3.684387701852102 S=5.038746575133636].pdf(0.9488438235781091)
Testing logNormal[M=0.2924931438742213 S=1.4592919803573945].pdf(1.7977306872239445)
Testing logNormal[M=-3.1797763354631425 S=9.18192294742865].pdf(1.8055569792475736)
Testing logNormal[M=2.709362667130928 S=7.606936161769372].pdf(0.42479960849854326)
Testing logNormal[M=2.396093729749352 S=4.766312955002796].pdf(2.1991043139388684)
Testing logNormal[M=-3.6395176619394887 S=7.842602392279236].pdf(1.7712215614279367)
Testing logNormal[M=-2.6288089852729337 S=0.8221075291894508].pdf(1.7049797304740504)
Testing logNormal[M=2.6353119231227495 S=1.8001299703127105].pdf(1.3847513350196081)
Testing logNormal[M=4.174812999635229 S=0.15317152632842945].pdf(2.2171454607006083)
Testing logNormal[M=2.936357463134942 S=6.9164934338435335].pdf(1.7683548734329853)
Testing logNormal[M=-3.8244964730724496 S=6.321892535268706].pdf(1.8982510858426846)
Testing logNormal[M=2.7100006845454994 S=1.845615559101491].pdf(1.3420889773964022)
Testing logNormal[M=-0.6609437961295805 S=4.525467592920619].pdf(2.144423759319619)
Testing logNormal[M=-2.4376526225377093 S=6.045404962514878].pdf(1.7527068743180199)
Testing logNormal[M=-4.138857702846012 S=6.781478303911635].pdf(0.01500747259236933)
Testing logNormal[M=2.5926455232617798 S=9.74184060308626].pdf(1.1714458803049004)
Testing logNormal[M=2.7081494319179136 S=5.06059416481606].pdf(1.300182497580283)
Testing logNormal[M=-2.5815225419560073 S=3.673392057732613].pdf(1.4263140689143567)
Testing logNormal[M=-1.0218230944845876 S=7.5253135932813].pdf(1.808886113466799)
Testing logNormal[M=-4.7293506023198635 S=0.8238626140271166].pdf(2.2383003448850394)
Testing logNormal[M=-3.2293845190528216 S=0.2957296858928793].pdf(1.5713584469711717)
Testing logNormal[M=0.18971222704750357 S=5.928428831541586].pdf(2.037108157453193)
Testing logNormal[M=1.957523407364981 S=7.354206722687778].pdf(1.7252919098904367)
Testing logNormal[M=1.2965173234374117 S=7.144003205019218].pdf(1.8747931287420287)
Testing logNormal[M=0.4866652322544365 S=0.6039353641726086].pdf(2.2752258494643836)
Testing logNormal[M=4.440662755846976 S=2.195601510398917].pdf(1.074242290602553)
Testing logNormal[M=-2.3816793672727368 S=3.5301420687674456].pdf(1.82209893391005)
Testing logNormal[M=-4.028335248368888 S=9.113473109805152].pdf(1.7351557056555635)
Testing logNormal[M=2.6563260712068857 S=2.68230293682858].pdf(0.20855482304503292)
Testing logNormal[M=-4.429218633753971 S=3.6292117869429785].pdf(2.300787201675136)
Testing logNormal[M=2.3499020889049858 S=2.32734886451077].pdf(1.7476036869806804)
Testing logNormal[M=-0.8363262853497746 S=9.317356930330817].pdf(1.9130772429147544)
Testing logNormal[M=-2.839102092988642 S=5.091006466592801].pdf(0.5718822831153769)
Testing logNormal[M=4.756311291288517 S=9.372045385011857].pdf(1.7341454102671028)
Testing logNormal[M=0.27733876448816197 S=3.892758618601012].pdf(1.7492859545404504)
Testing logNormal[M=-1.0231282769042052 S=0.28971949725408397].pdf(0.7489405467091975)
Testing logNormal[M=2.026346978195609 S=7.835510727221074].pdf(2.059965524061387)
Testing logNormal[M=0.7633685447869034 S=9.167830924274327].pdf(0.8590835745189571)
Testing logNormal[M=1.5562494977072294 S=1.6292747322583412].pdf(1.5794819775971687)
Testing logNormal[M=-0.2407561214160916 S=9.52899013337158].pdf(0.8788983874757591)
Testing logNormal[M=3.6837405458598838 S=1.5633234974757726].pdf(1.8353374305749892)
Testing logNormal[M=2.265363648040405 S=8.281545934401594].pdf(2.2043636448700017)
Testing logNormal[M=-4.7857753562530245 S=6.446539279281853].pdf(2.1760372649413715)
Testing logNormal[M=2.4884180513978817 S=5.58589716381082].pdf(1.5279455053760518)
Testing logNormal[M=-3.081405433721991 S=7.270118629766229].pdf(2.2169016411785063)
Testing logNormal[M=2.784668407527775 S=2.7830923829001].pdf(0.35887728509193056)
Testing logNormal[M=-0.3674552539649598 S=9.817823176066659].pdf(2.163198363790286)
Testing logNormal[M=1.4073192219921138 S=7.793876530196].pdf(1.4848584232340845)
Testing logNormal[M=-3.3861204382767998 S=3.6980761447461283].pdf(1.5016226185920225)
Testing logNormal[M=-0.04332725592768405 S=9.479033924606227].pdf(1.6382817779579053)
Testing logNormal[M=-3.783097579976168 S=9.520895083683058].pdf(1.9189234680303138)
Testing logNormal[M=-4.538239036146275 S=5.352818765310325].pdf(1.6616205395473769)
Testing logNormal[M=-3.011090468396731 S=2.662102578796197].pdf(1.0543337515846936)
Testing logNormal[M=-3.2056679257723286 S=2.447461913492559].pdf(0.86846204285543)
Testing logNormal[M=-2.825509196333061 S=8.760530580852917].pdf(2.1009045776178654)
Testing logNormal[M=2.991218248137618 S=9.472044261080681].pdf(2.1169513638096573)
Testing logNormal[M=-4.4140201212292 S=4.970371095488425].pdf(0.6049522034806583)
Testing logNormal[M=2.20426542381111 S=0.4931262623665478].pdf(1.3203124060864475)
Testing logNormal[M=0.4018887026031237 S=0.7505823840892789].pdf(1.1843142767721955)
Testing logNormal[M=2.3260326038727097 S=6.5548052866166815].pdf(1.6407685460091972)
Testing logNormal[M=-4.169385539594666 S=2.1905412056335005].pdf(1.9177789596835144)
Testing logNormal[M=2.459055108596047 S=8.222460819133055].pdf(2.0850924788774856)
Testing logNormal[M=-0.6483132026777341 S=2.567385352451892].pdf(1.78389905126209)
Testing logNormal[M=3.4664170756287565 S=7.781666976879684].pdf(2.0835310551370556)
Testing logNormal[M=-2.1995441082985288 S=6.368401291565586].pdf(2.2755494624927994)
Testing logNormal[M=0.23907719605385402 S=9.685472735043426].pdf(2.272593875049761)
Testing logNormal[M=-3.349877804942336 S=9.101117033951521].pdf(1.9630660561916564)
Testing logNormal[M=-4.665432292531343 S=0.1466391933382738].pdf(0.8055231001905971)
Testing logNormal[M=-2.587213570040258 S=2.896388246089524].pdf(1.187177408517406)
Testing logNormal[M=-0.6554156226022148 S=4.772522614300206].pdf(1.8280589387609072)
Testing logNormal[M=3.5524134309878512 S=4.43955554309038].pdf(1.274702438749316)
Testing logNormal[M=0.8069000468240919 S=9.76328781046973].pdf(0.7779581760183426)
Testing logNormal[M=-2.297382037383786 S=0.8929669866763978].pdf(2.084368915086644)
Testing logNormal[M=4.4839973142295975 S=8.9949615903542].pdf(1.263874096388313)
Testing logNormal[M=-2.476849937976567 S=9.599941678673519].pdf(2.1291823468395137)
Testing logNormal[M=-4.727138712300766 S=2.998260694693291].pdf(1.2054179198930886)
Testing logNormal[M=-2.3919867233789196 S=0.8791940549095145].pdf(0.7830226378135766)
Testing logNormal[M=-3.4934747683146394 S=1.6062709324194147].pdf(1.0678924552015794)
Testing logNormal[M=0.1024935053986109 S=7.344175112500175].pdf(2.0268489911763523)
Testing logNormal[M=-2.66659793835623 S=0.4566757014293188].pdf(2.029767571838423)
Testing logNormal[M=-2.0109686072136923 S=5.825042218464896].pdf(1.8426855889045004)
Testing logNormal[M=-1.6017987938099543 S=9.886227558381748].pdf(2.25036461626035)
Testing logNormal[M=3.6136689209102606 S=5.6232031128473725].pdf(2.245312494138382)
Testing logNormal[M=-0.2721120800191219 S=7.3739928080335115].pdf(1.5915689365701813)
Testing logNormal[M=-3.1862911030561425 S=6.368161454634578].pdf(1.895790691611452)
Testing logNormal[M=-1.6755107990228248 S=9.004494952656692].pdf(2.0962724547504985)
Testing logNormal[M=4.294919634180234 S=7.098444182687194].pdf(2.264747714025878)
Testing logNormal[M=2.0311503603567687 S=1.7884911596337438].pdf(2.176325365720654)
Testing logNormal[M=-2.2641896893946347 S=3.822288813383201].pdf(0.16231293417385292)
Testing logNormal[M=0.2824318663370393 S=2.783211858685528].pdf(2.259805077794582)
Testing logNormal[M=4.076936991962027 S=2.3239854469582366].pdf(2.1784927702504406)
Testing logNormal[M=4.878739887577684 S=8.963021120829294].pdf(1.2209889926528898)
Testing logNormal[M=0.10812970880317163 S=2.6492180075003224].pdf(1.6925221749486952)
Testing logNormal[M=2.7920933139609794 S=7.502534765175368].pdf(1.129351096425582)
Testing logNormal[M=-2.7509769435517817 S=4.951911517312012].pdf(1.1653248275667163)
Testing logNormal[M=-1.1611629206540917 S=9.481206712060047].pdf(1.6167576716326222)
Testing logNormal[M=-2.8259251960926903 S=2.3607652822136895].pdf(0.9450314244186924)
Testing logNormal[M=4.678960014392878 S=1.2186465289605453].pdf(0.8145879297321198)
Testing logNormal[M=1.3330054202404789 S=9.726672963726044].pdf(2.1624809670997585)
Testing logNormal[M=4.371248399220574 S=0.53905501471611].pdf(1.6102867112726083)
Testing logNormal[M=3.512963357759487 S=8.56375173046178].pdf(2.205048602193222)
Testing logNormal[M=-0.07139755855092744 S=6.644913142088683].pdf(2.1885556066532295)
Testing logNormal[M=0.23097188564077342 S=3.0491046803594357].pdf(0.22078974023162057)
Testing logNormal[M=-2.263302480039182 S=9.136224880235563].pdf(2.2478843632954253)
Testing logNormal[M=4.248970914039301 S=2.806469698954529].pdf(1.636943868282191)
Testing logNormal[M=-2.950336371111162 S=1.1844012057997244].pdf(1.569193637928327)
Testing logNormal[M=2.0254609652304865 S=2.7773238901214423].pdf(1.7711776685815486)
Testing logNormal[M=-1.1707532639037534 S=8.763476037559148].pdf(2.126748085779615)
Testing logNormal[M=0.4358260443775226 S=4.025218144366322].pdf(2.2010896858618483)
Testing logNormal[M=4.8685841498591405 S=1.366030979271996].pdf(1.3660073805279398)
Testing logNormal[M=0.8276157650985958 S=1.1018505244307475].pdf(0.8630425108284929)
Testing logNormal[M=2.111962050769826 S=3.3496077952406846].pdf(0.5709759418371109)
Testing logNormal[M=0.12096143732776987 S=5.6248703034766585].pdf(1.2827293379617069)
Testing logNormal[M=4.7273722124339415 S=1.9508324973955826].pdf(1.6289824373854953)
Testing logNormal[M=-3.673139346945775 S=5.524750629487939].pdf(0.7686100732456825)
Testing logNormal[M=1.6820401189393932 S=1.936652172773633].pdf(0.3181043246039942)
Testing logNormal[M=-2.2333544071778566 S=2.2761820779840125].pdf(1.4469255599599635)
Testing logNormal[M=1.9845039395628756 S=6.858064521234026].pdf(2.194558861861782)
Testing logNormal[M=2.228922001927236 S=0.43661525841415916].pdf(1.8262618274986928)
Testing logNormal[M=0.4956080967961256 S=4.3433237517228775].pdf(1.6187963483993728)
Testing logNormal[M=-3.8981148406363597 S=0.831913930569449].pdf(2.2697883070514777)
Testing logNormal[M=-4.915700822819772 S=0.7338090476052284].pdf(1.2260201939018402)
Testing logNormal[M=-4.379397346370252 S=6.534726131776711].pdf(0.5532435925649622)
Testing logNormal[M=-3.627471799192387 S=8.760609321691387].pdf(0.843025373082972)
Testing logNormal[M=2.9935380075910842 S=1.8049114202808925].pdf(2.1598400221157092)
Testing logNormal[M=-3.340001193709133 S=1.0455262820041922].pdf(1.727584872073296)
Testing logNormal[M=-3.9073320215031937 S=5.429508227857016].pdf(2.2885565515332598)
Testing logNormal[M=-1.279839145128021 S=4.454204115543532].pdf(0.22507336920478482)
Testing logNormal[M=-3.5921811459898 S=7.083700667186815].pdf(1.6082785939967197)
Testing logNormal[M=-4.987024665373432 S=2.116698419787576].pdf(2.2308509219945205)
Testing logNormal[M=2.7242786364698386 S=6.2240249160779].pdf(2.0693893466186304)
Testing logNormal[M=-1.3706588099628645 S=5.107147385277479].pdf(0.36793892839481573)
Testing logNormal[M=4.787003933368435 S=7.110201883549276].pdf(2.2700301668987355)
Testing logNormal[M=3.539334869914784 S=7.893288934655132].pdf(1.5278894663354325)
Testing logNormal[M=-3.312341207149424 S=9.700433618599572].pdf(0.8795348104253934)
Testing logNormal[M=1.8558626625577013 S=0.883928614355658].pdf(1.7156703686832748)
Testing logNormal[M=-4.207164186199236 S=9.579744810156907].pdf(1.185409850834708)
Testing logNormal[M=4.93724287082641 S=8.56043009950877].pdf(0.9219975251077477)
Testing logNormal[M=0.5587618152563909 S=5.382755833913823].pdf(2.294101888882626)
Testing logNormal[M=-1.0558604449793627 S=4.61182037816932].pdf(1.1743559025509607)
Testing logNormal[M=0.8533066557714841 S=8.177896991238216].pdf(1.8000597095362405)
Testing logNormal[M=-0.8466574306585706 S=9.591912243276207].pdf(1.1191977126361972)
Testing logNormal[M=-3.6829779038063837 S=8.782872700232666].pdf(0.956821841469451)
Testing logNormal[M=2.756353544102586 S=1.034355724284386].pdf(1.1353955284787962)
Testing logNormal[M=3.1898150642834846 S=2.0363199580524705].pdf(1.5434804875211754)
Testing logNormal[M=-4.207187007158387 S=8.794285604766001].pdf(1.334250958304241)
Testing logNormal[M=-2.4886358323643143 S=3.744854786217886].pdf(0.6700160895792383)
Testing logNormal[M=3.0197435154766463 S=7.170804600592739].pdf(1.837747663791707)
Testing logNormal[M=-4.821173832783538 S=8.751015402088903].pdf(1.5754574038376778)
Testing logNormal[M=3.1510212987445545 S=9.540751731013781].pdf(2.293965531197299)
Testing logNormal[M=2.728930351632398 S=5.896612901145931].pdf(1.305551262367206)
Testing logNormal[M=1.4109884197906473 S=0.8453696570195035].pdf(1.6061771732819259)
Testing logNormal[M=-1.8344539672883164 S=4.64893737946677].pdf(1.1404115916326583)
Testing logNormal[M=-0.7105832167016928 S=5.49671479123231].pdf(2.104737094288004)
Testing logNormal[M=4.312686388275662 S=3.7856096295849593].pdf(1.3325979144954014)
Testing logNormal[M=1.3499418804333585 S=8.843309422813304].pdf(1.5940581023873064)
Testing logNormal[M=4.742849075267641 S=3.6511052307241263].pdf(0.019548212760425197)
Testing logNormal[M=-2.579878262745897 S=4.512660198509762].pdf(1.5956035394346468)
Testing logNormal[M=-3.1173739084992533 S=3.475147621093143].pdf(1.08870619753475)
Testing logNormal[M=-3.4593032970588133 S=7.89230284340076].pdf(1.348069479145815)
Testing logNormal[M=-1.3388596926463645 S=3.313215286728478].pdf(0.8645507631900162)
Testing logNormal[M=-0.021687558263106865 S=2.0667320756009113].pdf(2.2045140537471184)
[...]
Testing logNormal[M=3.1521679509533236 S=6.425179725112054].pdf(2.207893622923069)
Testing logNormal[M=-2.011763272638322 S=3.7567335700295255].pdf(1.693442742982479)
Testing logNormal[M=2.76843414302511 S=1.3298417345874658].pdf(2.2694048700956064)
Testing logNormal[M=0.9140365350149446 S=3.8534708335946966].pdf(1.7220052874303013)
Testing logNormal[M=-0.9182138409606653 S=7.169563019549953].pdf(2.1521987253295825)
Testing logNormal[M=1.096790750202751 S=3.4083113274403667].pdf(1.9150154047221646)
Testing logNormal[M=4.423274969672256 S=4.041483805522956].pdf(1.8745499855626182)
Testing logNormal[M=-2.8448377336779327 S=7.418500804698303].pdf(1.8457811589079645)
Testing logNormal[M=-2.301419102032536 S=4.225860480646032].pdf(2.1285933529700793)
Testing logNormal[M=-3.8683519182163617 S=5.904644318342801].pdf(0.8471563940497404)
Testing logNormal[M=3.0002239321542152 S=3.905608432644051].pdf(1.239479628657279)
Testing logNormal[M=-0.5013734729806281 S=6.190555589823154].pdf(1.9768064648090222)
Testing logNormal[M=-3.4266960392591272 S=5.174310758790428].pdf(2.164147927787475)
Testing logNormal[M=-4.573179742017146 S=7.010586623619643].pdf(0.031050927195921528)
Testing logNormal[M=2.649129568277507 S=0.516552133348932].pdf(1.08895064213571)
Testing logNormal[M=-2.408594357429943 S=4.371328645621354].pdf(2.1813796713433526)
Testing logNormal[M=1.165189012587275 S=7.285511433736564].pdf(1.6878621984469029)
Testing logNormal[M=0.7526241431963889 S=6.363373712470581].pdf(1.418628766840529)
Testing logNormal[M=-4.612806658995618 S=1.315721662525674].pdf(1.8932786992959947)
Testing logNormal[M=-3.979693122297089 S=3.6271209674389535].pdf(0.4396053414324303)
Testing logNormal[M=3.8021898046539064 S=1.8287474830148054].pdf(2.233706138743716)
Testing logNormal[M=-3.33844912874938 S=1.321133328228884].pdf(2.273694599381904)
Testing logNormal[M=3.937356043888725 S=1.1124219584270534].pdf(0.5285021999705961)
Testing logNormal[M=-3.9940681457043894 S=9.77074816299882].pdf(2.0103134509041007)
Testing logNormal[M=3.825524303667544 S=6.967901448701418].pdf(2.0071893665011182)
Testing logNormal[M=1.5918589670728078 S=8.336342070218205].pdf(1.4071071523588516)
Testing logNormal[M=0.02152028903890102 S=2.8021963423363783].pdf(0.4332131438003741)
Testing logNormal[M=-3.064103958579636 S=6.26610353225515].pdf(1.2871076963467334)
Testing logNormal[M=0.10420542654952403 S=3.9924960203066484].pdf(0.3124183227635452)
Testing logNormal[M=3.480481388412562 S=8.296261926563076].pdf(2.15355797579103)
Testing logNormal[M=3.596819301716055 S=8.755585630459594].pdf(1.1732261747341746)
Testing logNormal[M=-1.182850115440639 S=4.3685874201796695].pdf(1.6484009996403726)
Testing logNormal[M=2.5004035239104274 S=9.682232323709023].pdf(1.8625733684623247)
Testing logNormal[M=1.3432395731948965 S=5.991764621705114].pdf(1.2085270501580834)
Testing logNormal[M=1.0585318265624375 S=0.849835341543963].pdf(1.330344527478378)
Testing logNormal[M=4.5251903518448024 S=3.2217405513802335].pdf(1.587062196761644)
Testing logNormal[M=4.208090540767284 S=2.1630901166775898].pdf(2.17446723340016)
Testing logNormal[M=-0.13530496391263025 S=6.590867225543642].pdf(1.9264606041301777)
Testing logNormal[M=1.7954511971129268 S=6.17988378552835].pdf(2.279960803462307)
Testing logNormal[M=-4.168886054781389 S=2.188137201737238].pdf(2.1191386877123284)
Testing logNormal[M=-0.3742045520935804 S=8.580170104714846].pdf(0.7862175421140584)
Testing logNormal[M=0.7764884092723312 S=7.2414240860148995].pdf(2.1369647687350555)
Testing logNormal[M=-2.6411045280415433 S=9.046969851109123].pdf(0.12025848280902957)
Testing logNormal[M=3.7573724564403417 S=6.316245217642793].pdf(1.7475060963412643)
Testing logNormal[M=-1.5507773385509296 S=2.8738203925831893].pdf(1.7447850286632949)
Testing logNormal[M=-2.794680909977795 S=7.722378780342842].pdf(0.2836799811962378)
Testing logNormal[M=3.642653871395643 S=6.634151290026708].pdf(0.3291565855192083)
Testing logNormal[M=-1.128796039250075 S=7.219709770039771].pdf(1.3320787096362159)
Testing logNormal[M=2.5905664503381978 S=7.37992227650588].pdf(1.850082827735308)
Testing logNormal[M=-1.6470596147461358 S=4.619002367326782].pdf(2.278147142259392)
Testing logNormal[M=-0.14384922452741122 S=3.5486862288797214].pdf(1.4165779673017256)
Testing logNormal[M=-2.8195279930621564 S=8.41666597548879].pdf(2.242071259057063)
Testing logNormal[M=-0.5979680975082102 S=7.287002695386228].pdf(1.33934469736107)
Testing logNormal[M=0.1912272304248912 S=0.4518904133777135].pdf(1.4698520256451695)
Testing logNormal[M=-1.4400656292746152 S=1.9202882226173557].pdf(1.5327454981024056)
Testing logNormal[M=0.36634606381565327 S=5.7359433160715865].pdf(0.28869439115233525)
Testing logNormal[M=-1.6048690067560623 S=0.2971170530113043].pdf(2.138165522555131)
Testing logNormal[M=3.4730152194806827 S=5.59204451494579].pdf(1.3295903215037288)
Testing logNormal[M=3.3805988804600062 S=1.9549018883764024].pdf(1.2230520927130506)
Testing logNormal[M=0.1501273105169334 S=0.1459055345256388].pdf(0.25967407595924313)
Testing logNormal[M=2.243704448220331 S=6.969463861517319].pdf(1.8799611472934945)
Testing logNormal[M=4.26663595569422 S=3.286253479328276].pdf(1.7934546697915326)
Testing logNormal[M=4.901160316164178 S=6.8623528540537055].pdf(1.745121681910885)
Testing logNormal[M=-4.705678569913746 S=3.579344315780708].pdf(0.9604660214272998)
Testing logNormal[M=2.2153365701633367 S=2.6339813152008897].pdf(2.2809072023862824)
Testing logNormal[M=-0.09204208239482892 S=0.8194034612874512].pdf(2.039676648902381)
Testing logNormal[M=1.090301915574468 S=1.540052489243663].pdf(1.4833192512238975)
Testing logNormal[M=0.9451619840028904 S=2.1360510554552183].pdf(1.7139047010631778)
Testing logNormal[M=3.0855321161003175 S=4.417838303678412].pdf(0.6363320754923806)
Testing logNormal[M=-0.4374548139664478 S=3.2394109259675963].pdf(1.6422995395126445)
Testing logNormal[M=0.2203816143562296 S=4.537500555999689].pdf(2.1188100806843573)
Testing logNormal[M=3.195724867128243 S=0.6742892657344779].pdf(2.181038824149787)
Testing logNormal[M=-2.074307346478216 S=7.920224207406213].pdf(1.0068802667352637)
Testing logNormal[M=4.11183553651747 S=3.569789939520893].pdf(2.266614968373874)
Testing logNormal[M=-1.558699497635204 S=9.65543230415226].pdf(1.6902758003403533)
Testing logNormal[M=-3.751101721525294 S=8.282787298291753].pdf(1.202915102789152)
Testing logNormal[M=-0.12473824193223315 S=1.5211028599420595].pdf(0.8491529088844231)
Testing logNormal[M=2.888545111021134 S=8.964168416444092].pdf(2.048580215398567)
Testing logNormal[M=-2.7843401401096113 S=2.251108373030605].pdf(1.5601281715869086)
Testing logNormal[M=-1.3514136319287875 S=3.2168858378219323].pdf(1.5332285798642495)
Testing logNormal[M=4.807312769526453 S=1.081649542686951].pdf(1.0260995223801563)
Testing logNormal[M=-0.4402142272432661 S=6.9182548079469655].pdf(1.776409743378924)
Testing logNormal[M=2.1810281261815057 S=9.498772567102426].pdf(0.35362841361860076)
Testing logNormal[M=-3.3117908060154724 S=2.7302277040341814].pdf(2.0801588289513187)
Testing logNormal[M=-4.7026735739771475 S=4.417128843484463].pdf(2.201900985743297)
Testing logNormal[M=1.2149700231089033 S=5.304220644473329].pdf(1.5137711598406967)
Testing logNormal[M=4.510335474557126 S=9.02911783130697].pdf(1.7240853154373017)
Testing logNormal[M=2.498851482194598 S=6.697446468540319].pdf(2.0195835499145933)
Testing logNormal[M=-1.946124734984167 S=5.647536464188379].pdf(2.1299699766886246)
Testing logNormal[M=4.023075052136106 S=4.700448680798526].pdf(1.4702870117261708)
Testing logNormal[M=3.4587032050419957 S=3.505257675523401].pdf(0.664885631391558)
Testing logNormal[M=-0.5701020943175417 S=0.17798790399451758].pdf(1.5442151243026754)
Testing logNormal[M=0.9707965378173533 S=4.6401639233468455].pdf(1.1178535450571452)
Testing logNormal[M=-2.9399372750525297 S=5.196246850726485].pdf(0.04274416611146601)
Testing logNormal[M=2.69887537095809 S=9.944516220873016].pdf(1.3314818505685326)
Testing logNormal[M=-3.8738116261668165 S=3.7132090415659036].pdf(2.2980018729074985)
Testing logNormal[M=-4.201862485380023 S=6.526889752095256].pdf(1.8760074146317958)
Testing logNormal[M=-2.207139186323092 S=0.7921180535244299].pdf(2.0332563763054883)
Testing logNormal[M=-3.3807023110296095 S=7.933467000081173].pdf(2.205828846399904)
Testing logNormal[M=-0.9795609298012611 S=2.213836244285025].pdf(1.301974538594145)
Testing logNormal[M=-1.0010930253866812 S=8.60199809936406].pdf(1.1671410308464198)
Testing logNormal[M=-0.45339057375939795 S=8.55363564806407].pdf(1.273925753359122)
Testing logNormal[M=0.10760411059993036 S=3.001822478207755].pdf(1.651515517446273)
Testing logNormal[M=1.8721557506988749 S=3.9494496189074435].pdf(1.2768350531215067)
Testing logNormal[M=-3.909841645043779 S=8.266870211533844].pdf(1.6107755830646917)
Testing logNormal[M=-2.446727111640139 S=8.7850003358769].pdf(1.2386702740198705)
Testing logNormal[M=3.4627573090345063 S=5.140594436755644].pdf(0.26322932266273635)
Testing logNormal[M=-0.06150695530183903 S=7.370156055398068].pdf(0.6642615841875622)
Testing logNormal[M=-0.3683724297067421 S=2.5887240924462187].pdf(2.301101046994764)
Testing logNormal[M=-2.017105833927916 S=1.614785326257736].pdf(1.3597116763862591)
Testing logNormal[M=3.5998668287695477 S=6.172211743149742].pdf(0.013268003289002255)
Testing logNormal[M=1.9152102603097756 S=5.280701432456153].pdf(1.0238108387828728)
Testing logNormal[M=-2.755818315727958 S=9.264700966208272].pdf(2.23307951059898)
Testing logNormal[M=0.5537179421260721 S=0.952399333819095].pdf(1.3694091766753411)
Testing logNormal[M=0.9562721641784364 S=4.033510114089104].pdf(1.9062810793696687)
Testing logNormal[M=-3.549900313613803 S=3.763240694516634].pdf(1.9098366627730146)
Testing logNormal[M=-0.02928623347249104 S=3.7564766811308967].pdf(2.240941177658617)
Testing logNormal[M=-3.3502412985722985 S=2.9841170334110156].pdf(1.9875744271764502)
Testing logNormal[M=1.1512428375058779 S=1.4434753172641612].pdf(1.300924209886849)
Testing logNormal[M=-4.706429335790075 S=8.895838313546456].pdf(1.984201602172742)
Testing logNormal[M=-4.190228800942962 S=8.71291949143522].pdf(1.0533706102419247)
Testing logNormal[M=-2.5898749700826054 S=4.909056086093628].pdf(1.7434021298176974)
Testing logNormal[M=1.441827759480213 S=3.202455604506876].pdf(0.7018171298457656)
Testing logNormal[M=3.6819789469817383 S=6.455350967479566].pdf(1.4283861375103943)
Testing logNormal[M=4.545266996764456 S=7.532503541225522].pdf(1.7108668922055743)
Testing logNormal[M=-0.48576173773916587 S=3.585070613753072].pdf(2.110598442291873)
Testing logNormal[M=-1.3400954970955303 S=8.144743218843493].pdf(1.9383064306830782)
Testing logNormal[M=-0.007826183717833501 S=0.27780931847960044].pdf(1.4059014674440762)
Testing logNormal[M=-4.219299721104956 S=0.14276055248635067].pdf(1.8194035559675348)
Testing logNormal[M=4.744639770471222 S=9.476777579563771].pdf(1.9605079883469423)
Testing logNormal[M=0.003152813311370295 S=9.7795597104559].pdf(1.4775261756170646)
Testing logNormal[M=-3.595214567156566 S=1.6823320089296656].pdf(2.2141686527274427)
Testing logNormal[M=-3.2099282681827033 S=8.761123015420916].pdf(0.8180880149629886)
Testing logNormal[M=3.7993423596016616 S=4.901572555847487].pdf(1.9773774236417043)
Testing logNormal[M=-0.3732952168672643 S=2.02808592726809].pdf(1.244321109015845)
Testing logNormal[M=-3.7613727897804194 S=2.0055252624279305].pdf(2.2736665393032305)
Testing logNormal[M=-2.3040983423091577 S=6.130441293472639].pdf(2.1121100910815316)
Testing logNormal[M=1.677248746757387 S=0.8153099059118762].pdf(2.2606633409051007)
Testing logNormal[M=1.2556503097277574 S=7.0082536665075255].pdf(2.2771627021256498)
Testing logNormal[M=-3.263466234980652 S=4.692539210895555].pdf(1.7851073059608134)
Testing logNormal[M=3.8379201174067923 S=2.777870891938723].pdf(0.8541059110699005)
Testing logNormal[M=-4.8115843312504545 S=9.658693599525648].pdf(1.3730737558810486)
Testing logNormal[M=4.532305034811296 S=9.572441699868397].pdf(1.3653422642388906)
Testing logNormal[M=3.352905717893881 S=3.9432317416813745].pdf(1.6436499750727631)
Testing logNormal[M=3.318144802562518 S=8.600472209145693].pdf(1.7968216867716735)
Testing logNormal[M=3.528642194405103 S=0.24617954367485928].pdf(2.017468870510793)
Testing logNormal[M=2.4340651620817493 S=7.700527768256295].pdf(2.1820614000347245)
Testing logNormal[M=-4.053217018769983 S=9.694626121612872].pdf(1.3018105192964435)
Testing logNormal[M=0.7251886301749746 S=2.4414337686806453].pdf(1.894068165293935)
Testing logNormal[M=4.330016893183847 S=8.20373755764945].pdf(1.9247105582461512)
Testing logNormal[M=-0.6753891323927554 S=7.831836016606665].pdf(1.3910005976786333)
Testing logNormal[M=-4.831877664282742 S=4.942693732252921].pdf(1.5022243603186536)
Testing logNormal[M=3.815504972954324 S=5.971274292151817].pdf(1.5230675698008833)
Testing logNormal[M=0.23830474724827866 S=4.198166714916117].pdf(1.2329918306015075)
Testing logNormal[M=-2.1397887539552607 S=6.923069033343923].pdf(1.9000633553146018)
Testing logNormal[M=0.2597747049222914 S=6.50101993517611].pdf(2.2058399094107375)
Testing logNormal[M=1.3313205738266092 S=6.534454844353976].pdf(1.4124782601662778)
Testing logNormal[M=2.6193686012945143 S=3.0035942157893913].pdf(2.110874768017182)
Testing logNormal[M=-3.423001094234779 S=8.257898967497493].pdf(0.27398518295192875)
Testing logNormal[M=-3.400753448101735 S=8.736555742787843].pdf(1.3260082829834647)
Testing logNormal[M=0.9729442753436901 S=7.138122770953673].pdf(0.40049425287601315)
Testing logNormal[M=4.47268758160617 S=0.35149866370699057].pdf(1.8749792246050438)
Testing logNormal[M=1.4906611130915595 S=5.781722574816481].pdf(1.8288393636530442)
Testing logNormal[M=2.1082621353010476 S=3.3200172755514124].pdf(0.5387200425234472)
Testing logNormal[M=0.07988276851877707 S=6.718081841063124].pdf(0.7709568028491468)
Testing logNormal[M=3.3908329247769977 S=0.7007477667223649].pdf(2.2289681765289115)
Testing logNormal[M=-3.451508415749578 S=5.433453512081856].pdf(1.4678092117689907)
Testing logNormal[M=4.903311330153146 S=2.055673791735788].pdf(1.2064885871007598)
Testing logNormal[M=-4.278551707313235 S=2.4556770859605503].pdf(0.5659464571028688)
Testing logNormal[M=-4.222046965506644 S=0.9305929194569507].pdf(1.6993594895148538)
Testing logNormal[M=-2.438591278018216 S=3.49846789967314].pdf(2.1082147737596104)
Testing logNormal[M=-1.3236349355755594 S=5.6081202456367585].pdf(1.4770872082695803)
Testing logNormal[M=-0.3058112638434416 S=1.619080489535396].pdf(1.008198945918031)
Testing logNormal[M=1.9274677969257947 S=5.8275785048123785].pdf(1.519010651676501)
Testing logNormal[M=-3.8777889375041674 S=9.874456934469668].pdf(1.3518753504632595)
Testing logNormal[M=0.30723323978469885 S=2.0845200283419496].pdf(0.9135829295868997)
Testing logNormal[M=-2.282544001535398 S=4.1294271398945686].pdf(0.945032492585983)
Testing logNormal[M=2.894028701078324 S=7.930627803068786].pdf(0.2755826055887265)
Testing logNormal[M=-0.8101538420682246 S=6.539445380551198].pdf(1.9207305744556604)
Testing logNormal[M=4.465187652964275 S=3.134986726158017].pdf(1.0420887528197944)
Testing logNormal[M=-3.8272473325668077 S=4.856976003365413].pdf(0.745032075794604)
Testing logNormal[M=1.3358686309005972 S=5.378636547725183].pdf(2.1512197141283385)
Testing logNormal[M=3.2136022076007276 S=6.108058636378525].pdf(1.4864784877145418)
Testing logNormal[M=2.0984059659402376 S=0.012259499502980109].pdf(2.2655724059931934)
Testing logNormal[M=1.9852150427576465 S=5.279316805518804].pdf(0.7756173293449558)
Testing logNormal[M=-1.5740426923051922 S=2.078668015787306].pdf(2.2413021013270136)
Testing logNormal[M=1.2007690567519198 S=0.7332613613726546].pdf(1.1557037632614295)
Testing logNormal[M=-3.4682279391291884 S=8.707494469673938].pdf(2.1512425829272876)
Testing logNormal[M=-4.213569282141135 S=8.754070462504876].pdf(0.6254056529951771)
Testing logNormal[M=-4.0146366484358875 S=8.987326757243187].pdf(2.2323217077208914)
Testing logNormal[M=3.560238353877894 S=9.924922992437928].pdf(0.43037416000013856)
Testing logNormal[M=-3.7840901385330206 S=7.378635763231683].pdf(2.2906705802638494)
Testing logNormal[M=-3.9219958601167173 S=0.22835978994241168].pdf(1.3789776728315866)
Testing logNormal[M=-1.822363038988577 S=4.59397275207767].pdf(1.4818167868450247)
Testing logNormal[M=0.10379542177926826 S=7.810577910097463].pdf(1.6757624780044602)
Testing logNormal[M=3.5144270539088875 S=6.877199776389094].pdf(1.7758487724251417)
Testing logNormal[M=-3.681810622496023 S=7.977313556543859].pdf(1.1319332783169624)
Testing logNormal[M=-2.1222625780619806 S=7.7232175218699].pdf(0.11442530845870816)
Testing logNormal[M=0.7197323366968957 S=4.102082580995001].pdf(0.708396656598756)
Testing logNormal[M=4.196437475427249 S=4.606445210404732].pdf(2.120146741719827)
Testing logNormal[M=-2.317103777716026 S=3.018957561528409].pdf(1.6900601031686868)
Testing logNormal[M=-1.372019518304218 S=7.753798022510151].pdf(1.3219782515870198)
Testing logNormal[M=-0.07383709091341295 S=9.183194148933365].pdf(2.189151565030928)
Testing logNormal[M=-4.643680019768568 S=0.7127161101443857].pdf(1.79643075071606)
Testing logNormal[M=-0.9344004367792769 S=9.30250941542744].pdf(0.38203501818224933)
Testing logNormal[M=-1.60298353889329 S=3.284277827205041].pdf(1.2615797568838203)
Testing logNormal[M=3.1565537061310707 S=5.671750933987539].pdf(0.925405598221092)
Testing logNormal[M=-2.7392293346159304 S=9.438112522362909].pdf(1.6719074327503922)
Testing logNormal[M=2.0834377829965813 S=9.823243326608665].pdf(1.7349386033168412)
Testing logNormal[M=-4.018293616189852 S=1.90174024911262].pdf(1.7289132311409996)
Testing logNormal[M=2.5128741976230256 S=3.415397415059993].pdf(2.0471549736642696)
Testing logNormal[M=2.6819492021559954 S=8.120517940410485].pdf(0.5467500753229725)
Testing logNormal[M=3.189491230760705 S=7.442103905741374].pdf(1.7112155865170688)
Testing logNormal[M=-4.994487722425252 S=0.1431267520911983].pdf(0.21152462070155972)
Testing logNormal[M=-1.1867373143272077 S=0.6300400284044017].pdf(2.2259385209541795)
Testing logNormal[M=3.8199179871852866 S=6.368592333829327].pdf(2.0182187294666356)
Testing logNormal[M=2.2223322731744606 S=7.439381085576215].pdf(1.9507405538578662)
Testing logNormal[M=-3.46354469751439 S=1.9619265854429646].pdf(0.45592303762777153)
Testing logNormal[M=1.5912089175745434 S=0.6996962789558425].pdf(0.7731925618448618)
Testing 10000 random quantile(0.5) calls
Testing 10000 random quantile/cdf pairs
]]></system-out>
  <system-err><![CDATA[java.lang.NullPointerException
	at beast.util.XMLParser.initBEASTObjects(Unknown Source)
	at beast.util.XMLParser.parseFragment(Unknown Source)
	at beast.util.XMLParser.parseBareFragment(Unknown Source)
	at test.beast.math.distributions.LogNormalDistributionModelTest.testCalcLogP2(Unknown Source)
	at sun.reflect.NativeMethodAccessorImpl.invoke0(Native Method)
	at sun.reflect.NativeMethodAccessorImpl.invoke(NativeMethodAccessorImpl.java:62)
	at sun.reflect.DelegatingMethodAccessorImpl.invoke(DelegatingMethodAccessorImpl.java:43)
	at java.lang.reflect.Method.invoke(Method.java:498)
	at junit.framework.TestCase.runTest(TestCase.java:168)
	at junit.framework.TestCase.runBare(TestCase.java:134)
	at junit.framework.TestResult$1.protect(TestResult.java:110)
	at junit.framework.TestResult.runProtected(TestResult.java:128)
	at junit.framework.TestResult.run(TestResult.java:113)
	at junit.framework.TestCase.run(TestCase.java:124)
	at junit.framework.TestSuite.runTest(TestSuite.java:243)
	at junit.framework.TestSuite.run(TestSuite.java:238)
	at org.apache.tools.ant.taskdefs.optional.junit.JUnitTestRunner.run(JUnitTestRunner.java:534)
	at org.apache.tools.ant.taskdefs.optional.junit.JUnitTestRunner.launch(JUnitTestRunner.java:1196)
	at org.apache.tools.ant.taskdefs.optional.junit.JUnitTestRunner.main(JUnitTestRunner.java:1041)
]]></system-err>
</testsuite>
