<?xml version="1.0" encoding="UTF-8" ?>
<testsuite errors="0" failures="0" hostname="Leonardos-MacBook-Pro.local" name="test.beast.evolution.substmodel.HKYTest" skipped="0" tests="1" time="0.074" timestamp="2019-06-11T12:13:12">
  <properties>
[...]
</properties>
  <testcase classname="test.beast.evolution.substmodel.HKYTest" name="testHKY" time="0.025" />
  <system-out><![CDATA[0 : 2.702282841937631E-13
1 : -2.3477053634479716E-13
2 : 3.2691904738868516E-13
3 : -3.62307406298612E-13
4 : -4.898460109759029E-13
5 : -4.5363712786183896E-13
6 : -3.62307406298612E-13
7 : 3.05838687708615E-13
8 : 6.149247777642586E-14
9 : -2.3477053634479716E-13
10 : -4.64406291200703E-13
11 : -3.62307406298612E-13
12 : -4.898460109759029E-13
13 : 3.671091208801158E-13
14 : -3.62307406298612E-13
15 : 4.849454171562684E-13
0 : 4.3287595730134854E-13
1 : 1.2604153831752285E-13
2 : -1.2196493814897735E-13
3 : -4.369785783220337E-13
4 : -1.84893766963512E-13
5 : 9.836575998178887E-14
6 : 1.2604153831752285E-13
7 : -3.942332571504892E-14
8 : 1.9502455206321656E-13
9 : 1.2604153831752285E-13
10 : 1.1590728377086634E-13
11 : -4.369785783220337E-13
12 : -1.84893766963512E-13
13 : -7.873562912763532E-14
14 : 1.2604153831752285E-13
15 : 1.376676550535194E-13
0 : -4.812816811750054E-13
1 : 1.0120376758848693E-14
2 : 4.609784776121728E-13
3 : 1.0120376758848693E-14
4 : 1.0120376758848693E-14
5 : -4.812816811750054E-13
6 : 1.0120376758848693E-14
7 : 4.609784776121728E-13
8 : 4.609784776121728E-13
9 : 1.0120376758848693E-14
10 : -4.812816811750054E-13
11 : 1.0120376758848693E-14
12 : 1.0120376758848693E-14
13 : 4.609784776121728E-13
14 : 1.0120376758848693E-14
15 : -4.812816811750054E-13
]]></system-out>
  <system-err><![CDATA[]]></system-err>
</testsuite>
